{"/root/src/wasmuscore/src/stores/midi.ts": {"path":"/root/src/wasmuscore/src/stores/midi.ts","statementMap":{"0":{"start":{"line":51,"column":13},"end":{"line":303,"column":null}},"1":{"start":{"line":53,"column":8},"end":{"line":53,"column":null}},"2":{"start":{"line":54,"column":8},"end":{"line":54,"column":null}},"3":{"start":{"line":55,"column":8},"end":{"line":55,"column":null}},"4":{"start":{"line":56,"column":8},"end":{"line":63,"column":null}},"5":{"start":{"line":64,"column":8},"end":{"line":64,"column":null}},"6":{"start":{"line":65,"column":8},"end":{"line":65,"column":null}},"7":{"start":{"line":68,"column":8},"end":{"line":68,"column":null}},"8":{"start":{"line":69,"column":8},"end":{"line":69,"column":null}},"9":{"start":{"line":70,"column":8},"end":{"line":70,"column":null}},"10":{"start":{"line":71,"column":8},"end":{"line":71,"column":null}},"11":{"start":{"line":75,"column":25},"end":{"line":75,"column":null}},"12":{"start":{"line":76,"column":20},"end":{"line":76,"column":null}},"13":{"start":{"line":77,"column":20},"end":{"line":77,"column":null}},"14":{"start":{"line":78,"column":4},"end":{"line":78,"column":null}},"15":{"start":{"line":83,"column":4},"end":{"line":83,"column":null}},"16":{"start":{"line":84,"column":4},"end":{"line":84,"column":null}},"17":{"start":{"line":86,"column":4},"end":{"line":113,"column":null}},"18":{"start":{"line":88,"column":26},"end":{"line":88,"column":null}},"19":{"start":{"line":89,"column":25},"end":{"line":89,"column":null}},"20":{"start":{"line":92,"column":25},"end":{"line":92,"column":null}},"21":{"start":{"line":93,"column":23},"end":{"line":93,"column":null}},"22":{"start":{"line":95,"column":6},"end":{"line":95,"column":null}},"23":{"start":{"line":98,"column":20},"end":{"line":98,"column":null}},"24":{"start":{"line":99,"column":6},"end":{"line":99,"column":null}},"25":{"start":{"line":102,"column":6},"end":{"line":102,"column":null}},"26":{"start":{"line":104,"column":6},"end":{"line":104,"column":null}},"27":{"start":{"line":107,"column":6},"end":{"line":107,"column":null}},"28":{"start":{"line":108,"column":6},"end":{"line":108,"column":null}},"29":{"start":{"line":109,"column":6},"end":{"line":109,"column":null}},"30":{"start":{"line":112,"column":6},"end":{"line":112,"column":null}},"31":{"start":{"line":117,"column":4},"end":{"line":129,"column":null}},"32":{"start":{"line":119,"column":12},"end":{"line":119,"column":null}},"33":{"start":{"line":120,"column":6},"end":{"line":120,"column":null}},"34":{"start":{"line":122,"column":25},"end":{"line":122,"column":null}},"35":{"start":{"line":123,"column":6},"end":{"line":123,"column":null}},"36":{"start":{"line":124,"column":6},"end":{"line":124,"column":null}},"37":{"start":{"line":125,"column":6},"end":{"line":125,"column":null}},"38":{"start":{"line":128,"column":6},"end":{"line":128,"column":null}},"39":{"start":{"line":133,"column":4},"end":{"line":142,"column":null}},"40":{"start":{"line":134,"column":25},"end":{"line":134,"column":null}},"41":{"start":{"line":135,"column":6},"end":{"line":135,"column":null}},"42":{"start":{"line":136,"column":6},"end":{"line":136,"column":null}},"43":{"start":{"line":137,"column":6},"end":{"line":137,"column":null}},"44":{"start":{"line":140,"column":6},"end":{"line":140,"column":null}},"45":{"start":{"line":141,"column":6},"end":{"line":141,"column":null}},"46":{"start":{"line":146,"column":4},"end":{"line":162,"column":null}},"47":{"start":{"line":147,"column":25},"end":{"line":147,"column":null}},"48":{"start":{"line":148,"column":6},"end":{"line":148,"column":null}},"49":{"start":{"line":151,"column":12},"end":{"line":151,"column":null}},"50":{"start":{"line":152,"column":6},"end":{"line":152,"column":null}},"51":{"start":{"line":154,"column":6},"end":{"line":154,"column":null}},"52":{"start":{"line":155,"column":6},"end":{"line":155,"column":null}},"53":{"start":{"line":156,"column":6},"end":{"line":156,"column":null}},"54":{"start":{"line":157,"column":6},"end":{"line":157,"column":null}},"55":{"start":{"line":158,"column":6},"end":{"line":158,"column":null}},"56":{"start":{"line":161,"column":6},"end":{"line":161,"column":null}},"57":{"start":{"line":166,"column":4},"end":{"line":174,"column":null}},"58":{"start":{"line":167,"column":25},"end":{"line":167,"column":null}},"59":{"start":{"line":168,"column":6},"end":{"line":168,"column":null}},"60":{"start":{"line":169,"column":6},"end":{"line":169,"column":null}},"61":{"start":{"line":172,"column":6},"end":{"line":172,"column":null}},"62":{"start":{"line":173,"column":6},"end":{"line":173,"column":null}},"63":{"start":{"line":178,"column":4},"end":{"line":185,"column":null}},"64":{"start":{"line":179,"column":25},"end":{"line":179,"column":null}},"65":{"start":{"line":180,"column":21},"end":{"line":180,"column":null}},"66":{"start":{"line":181,"column":6},"end":{"line":181,"column":null}},"67":{"start":{"line":184,"column":6},"end":{"line":184,"column":null}},"68":{"start":{"line":189,"column":4},"end":{"line":222,"column":null}},"69":{"start":{"line":190,"column":25},"end":{"line":190,"column":null}},"70":{"start":{"line":191,"column":20},"end":{"line":191,"column":null}},"71":{"start":{"line":192,"column":23},"end":{"line":192,"column":null}},"72":{"start":{"line":195,"column":12},"end":{"line":195,"column":null}},"73":{"start":{"line":196,"column":6},"end":{"line":216,"column":null}},"74":{"start":{"line":198,"column":8},"end":{"line":205,"column":null}},"75":{"start":{"line":199,"column":30},"end":{"line":201,"column":null}},"76":{"start":{"line":200,"column":17},"end":{"line":200,"column":null}},"77":{"start":{"line":202,"column":10},"end":{"line":204,"column":null}},"78":{"start":{"line":203,"column":12},"end":{"line":203,"column":null}},"79":{"start":{"line":208,"column":8},"end":{"line":215,"column":null}},"80":{"start":{"line":209,"column":28},"end":{"line":211,"column":null}},"81":{"start":{"line":210,"column":17},"end":{"line":210,"column":null}},"82":{"start":{"line":212,"column":10},"end":{"line":214,"column":null}},"83":{"start":{"line":213,"column":12},"end":{"line":213,"column":null}},"84":{"start":{"line":218,"column":6},"end":{"line":218,"column":null}},"85":{"start":{"line":227,"column":10},"end":{"line":227,"column":null}},"86":{"start":{"line":228,"column":4},"end":{"line":230,"column":null}},"87":{"start":{"line":229,"column":6},"end":{"line":229,"column":null}},"88":{"start":{"line":232,"column":4},"end":{"line":232,"column":null}},"89":{"start":{"line":233,"column":4},"end":{"line":233,"column":null}},"90":{"start":{"line":234,"column":4},"end":{"line":234,"column":null}},"91":{"start":{"line":235,"column":4},"end":{"line":242,"column":null}},"92":{"start":{"line":243,"column":4},"end":{"line":243,"column":null}},"93":{"start":{"line":244,"column":4},"end":{"line":244,"column":null}},"94":{"start":{"line":249,"column":4},"end":{"line":251,"column":null}},"95":{"start":{"line":250,"column":6},"end":{"line":250,"column":null}},"96":{"start":{"line":253,"column":4},"end":{"line":253,"column":null}},"97":{"start":{"line":254,"column":4},"end":{"line":265,"column":null}},"98":{"start":{"line":255,"column":12},"end":{"line":255,"column":null}},"99":{"start":{"line":256,"column":6},"end":{"line":256,"column":null}},"100":{"start":{"line":257,"column":6},"end":{"line":257,"column":null}},"101":{"start":{"line":258,"column":6},"end":{"line":258,"column":null}},"102":{"start":{"line":261,"column":6},"end":{"line":261,"column":null}},"103":{"start":{"line":264,"column":6},"end":{"line":264,"column":null}},"104":{"start":{"line":270,"column":4},"end":{"line":270,"column":null}},"105":{"start":{"line":271,"column":10},"end":{"line":271,"column":null}},"106":{"start":{"line":272,"column":4},"end":{"line":272,"column":null}},"107":{"start":{"line":275,"column":2},"end":{"line":302,"column":null}}},"fnMap":{"0":{"name":"(anonymous_0)","decl":{"start":{"line":51,"column":48},"end":{"line":51,"column":54}},"loc":{"start":{"line":51,"column":54},"end":{"line":303,"column":1}},"line":51},"1":{"name":"formatTime","decl":{"start":{"line":74,"column":11},"end":{"line":74,"column":22}},"loc":{"start":{"line":74,"column":42},"end":{"line":79,"column":null}},"line":74},"2":{"name":"loadMidiFile","decl":{"start":{"line":82,"column":17},"end":{"line":82,"column":30}},"loc":{"start":{"line":82,"column":42},"end":{"line":114,"column":null}},"line":82},"3":{"name":"play","decl":{"start":{"line":116,"column":17},"end":{"line":116,"column":24}},"loc":{"start":{"line":116,"column":24},"end":{"line":130,"column":null}},"line":116},"4":{"name":"pause","decl":{"start":{"line":132,"column":17},"end":{"line":132,"column":25}},"loc":{"start":{"line":132,"column":25},"end":{"line":143,"column":null}},"line":132},"5":{"name":"stop","decl":{"start":{"line":145,"column":17},"end":{"line":145,"column":24}},"loc":{"start":{"line":145,"column":24},"end":{"line":163,"column":null}},"line":145},"6":{"name":"seekTo","decl":{"start":{"line":165,"column":17},"end":{"line":165,"column":24}},"loc":{"start":{"line":165,"column":46},"end":{"line":175,"column":null}},"line":165},"7":{"name":"updatePlaybackStatus","decl":{"start":{"line":177,"column":17},"end":{"line":177,"column":40}},"loc":{"start":{"line":177,"column":40},"end":{"line":186,"column":null}},"line":177},"8":{"name":"updateActiveNotes","decl":{"start":{"line":188,"column":17},"end":{"line":188,"column":35}},"loc":{"start":{"line":188,"column":57},"end":{"line":223,"column":null}},"line":188},"9":{"name":"(anonymous_9)","decl":{"start":{"line":200,"column":12},"end":{"line":200,"column":17}},"loc":{"start":{"line":200,"column":17},"end":{"line":200,"column":null}},"line":200},"10":{"name":"(anonymous_10)","decl":{"start":{"line":210,"column":12},"end":{"line":210,"column":17}},"loc":{"start":{"line":210,"column":17},"end":{"line":210,"column":null}},"line":210},"11":{"name":"reset","decl":{"start":{"line":225,"column":11},"end":{"line":225,"column":19}},"loc":{"start":{"line":225,"column":19},"end":{"line":245,"column":null}},"line":225},"12":{"name":"initAudio","decl":{"start":{"line":248,"column":17},"end":{"line":248,"column":29}},"loc":{"start":{"line":248,"column":29},"end":{"line":266,"column":null}},"line":248},"13":{"name":"setVolume","decl":{"start":{"line":269,"column":11},"end":{"line":269,"column":21}},"loc":{"start":{"line":269,"column":40},"end":{"line":273,"column":null}},"line":269}},"branchMap":{"0":{"loc":{"start":{"line":107,"column":20},"end":{"line":107,"column":null}},"type":"binary-expr","locations":[{"start":{"line":107,"column":20},"end":{"line":107,"column":33}},{"start":{"line":107,"column":33},"end":{"line":107,"column":null}}],"line":107},"1":{"loc":{"start":{"line":188,"column":35},"end":{"line":188,"column":57}},"type":"default-arg","locations":[{"start":{"line":188,"column":53},"end":{"line":188,"column":57}}],"line":188},"2":{"loc":{"start":{"line":196,"column":6},"end":{"line":216,"column":null}},"type":"if","locations":[{"start":{"line":196,"column":6},"end":{"line":216,"column":null}},{"start":{},"end":{}}],"line":196},"3":{"loc":{"start":{"line":200,"column":17},"end":{"line":200,"column":null}},"type":"binary-expr","locations":[{"start":{"line":200,"column":17},"end":{"line":200,"column":44}},{"start":{"line":200,"column":44},"end":{"line":200,"column":null}}],"line":200},"4":{"loc":{"start":{"line":202,"column":10},"end":{"line":204,"column":null}},"type":"if","locations":[{"start":{"line":202,"column":10},"end":{"line":204,"column":null}},{"start":{},"end":{}}],"line":202},"5":{"loc":{"start":{"line":210,"column":17},"end":{"line":210,"column":null}},"type":"binary-expr","locations":[{"start":{"line":210,"column":17},"end":{"line":210,"column":41}},{"start":{"line":210,"column":41},"end":{"line":210,"column":null}}],"line":210},"6":{"loc":{"start":{"line":212,"column":10},"end":{"line":214,"column":null}},"type":"if","locations":[{"start":{"line":212,"column":10},"end":{"line":214,"column":null}},{"start":{},"end":{}}],"line":212},"7":{"loc":{"start":{"line":228,"column":4},"end":{"line":230,"column":null}},"type":"if","locations":[{"start":{"line":228,"column":4},"end":{"line":230,"column":null}},{"start":{},"end":{}}],"line":228},"8":{"loc":{"start":{"line":249,"column":4},"end":{"line":251,"column":null}},"type":"if","locations":[{"start":{"line":249,"column":4},"end":{"line":251,"column":null}},{"start":{},"end":{}}],"line":249},"9":{"loc":{"start":{"line":249,"column":8},"end":{"line":249,"column":49}},"type":"binary-expr","locations":[{"start":{"line":249,"column":8},"end":{"line":249,"column":29}},{"start":{"line":249,"column":29},"end":{"line":249,"column":49}}],"line":249}},"s":{"0":1,"1":61,"2":61,"3":61,"4":61,"5":61,"6":61,"7":61,"8":61,"9":61,"10":61,"11":6,"12":6,"13":6,"14":6,"15":9,"16":9,"17":9,"18":9,"19":9,"20":9,"21":9,"22":5,"23":5,"24":5,"25":5,"26":5,"27":3,"28":3,"29":3,"30":8,"31":6,"32":6,"33":6,"34":6,"35":6,"36":5,"37":5,"38":1,"39":5,"40":5,"41":5,"42":4,"43":4,"44":1,"45":1,"46":5,"47":5,"48":5,"49":5,"50":5,"51":5,"52":5,"53":5,"54":5,"55":5,"56":0,"57":3,"58":3,"59":3,"60":2,"61":1,"62":1,"63":9,"64":9,"65":9,"66":9,"67":0,"68":5,"69":5,"70":5,"71":5,"72":5,"73":5,"74":2,"75":2,"76":2,"77":2,"78":1,"79":2,"80":2,"81":1,"82":2,"83":1,"84":5,"85":3,"86":3,"87":1,"88":3,"89":3,"90":3,"91":3,"92":3,"93":3,"94":7,"95":2,"96":5,"97":5,"98":5,"99":5,"100":1,"101":1,"102":3,"103":4,"104":4,"105":4,"106":4,"107":61},"f":{"0":61,"1":6,"2":9,"3":6,"4":5,"5":5,"6":3,"7":9,"8":5,"9":2,"10":1,"11":3,"12":7,"13":4},"b":{"0":[3,0],"1":[5],"2":[2,3],"3":[2,1],"4":[1,1],"5":[1,1],"6":[1,1],"7":[1,2],"8":[2,5],"9":[7,6]},"meta":{"lastBranch":10,"lastFunction":14,"lastStatement":108,"seen":{"s:51:13:303:Infinity":0,"f:51:48:51:54":0,"s:53:8:53:Infinity":1,"s:54:8:54:Infinity":2,"s:55:8:55:Infinity":3,"s:56:8:63:Infinity":4,"s:64:8:64:Infinity":5,"s:65:8:65:Infinity":6,"s:68:8:68:Infinity":7,"s:69:8:69:Infinity":8,"s:70:8:70:Infinity":9,"s:71:8:71:Infinity":10,"f:74:11:74:22":1,"s:75:25:75:Infinity":11,"s:76:20:76:Infinity":12,"s:77:20:77:Infinity":13,"s:78:4:78:Infinity":14,"f:82:17:82:30":2,"s:83:4:83:Infinity":15,"s:84:4:84:Infinity":16,"s:86:4:113:Infinity":17,"s:88:26:88:Infinity":18,"s:89:25:89:Infinity":19,"s:92:25:92:Infinity":20,"s:93:23:93:Infinity":21,"s:95:6:95:Infinity":22,"s:98:20:98:Infinity":23,"s:99:6:99:Infinity":24,"s:102:6:102:Infinity":25,"s:104:6:104:Infinity":26,"s:107:6:107:Infinity":27,"b:107:20:107:33:107:33:107:Infinity":0,"s:108:6:108:Infinity":28,"s:109:6:109:Infinity":29,"s:112:6:112:Infinity":30,"f:116:17:116:24":3,"s:117:4:129:Infinity":31,"s:119:12:119:Infinity":32,"s:120:6:120:Infinity":33,"s:122:25:122:Infinity":34,"s:123:6:123:Infinity":35,"s:124:6:124:Infinity":36,"s:125:6:125:Infinity":37,"s:128:6:128:Infinity":38,"f:132:17:132:25":4,"s:133:4:142:Infinity":39,"s:134:25:134:Infinity":40,"s:135:6:135:Infinity":41,"s:136:6:136:Infinity":42,"s:137:6:137:Infinity":43,"s:140:6:140:Infinity":44,"s:141:6:141:Infinity":45,"f:145:17:145:24":5,"s:146:4:162:Infinity":46,"s:147:25:147:Infinity":47,"s:148:6:148:Infinity":48,"s:151:12:151:Infinity":49,"s:152:6:152:Infinity":50,"s:154:6:154:Infinity":51,"s:155:6:155:Infinity":52,"s:156:6:156:Infinity":53,"s:157:6:157:Infinity":54,"s:158:6:158:Infinity":55,"s:161:6:161:Infinity":56,"f:165:17:165:24":6,"s:166:4:174:Infinity":57,"s:167:25:167:Infinity":58,"s:168:6:168:Infinity":59,"s:169:6:169:Infinity":60,"s:172:6:172:Infinity":61,"s:173:6:173:Infinity":62,"f:177:17:177:40":7,"s:178:4:185:Infinity":63,"s:179:25:179:Infinity":64,"s:180:21:180:Infinity":65,"s:181:6:181:Infinity":66,"s:184:6:184:Infinity":67,"f:188:17:188:35":8,"b:188:53:188:57":1,"s:189:4:222:Infinity":68,"s:190:25:190:Infinity":69,"s:191:20:191:Infinity":70,"s:192:23:192:Infinity":71,"s:195:12:195:Infinity":72,"b:196:6:216:Infinity:undefined:undefined:undefined:undefined":2,"s:196:6:216:Infinity":73,"s:198:8:205:Infinity":74,"s:199:30:201:Infinity":75,"f:200:12:200:17":9,"s:200:17:200:Infinity":76,"b:200:17:200:44:200:44:200:Infinity":3,"b:202:10:204:Infinity:undefined:undefined:undefined:undefined":4,"s:202:10:204:Infinity":77,"s:203:12:203:Infinity":78,"s:208:8:215:Infinity":79,"s:209:28:211:Infinity":80,"f:210:12:210:17":10,"s:210:17:210:Infinity":81,"b:210:17:210:41:210:41:210:Infinity":5,"b:212:10:214:Infinity:undefined:undefined:undefined:undefined":6,"s:212:10:214:Infinity":82,"s:213:12:213:Infinity":83,"s:218:6:218:Infinity":84,"f:225:11:225:19":11,"s:227:10:227:Infinity":85,"b:228:4:230:Infinity:undefined:undefined:undefined:undefined":7,"s:228:4:230:Infinity":86,"s:229:6:229:Infinity":87,"s:232:4:232:Infinity":88,"s:233:4:233:Infinity":89,"s:234:4:234:Infinity":90,"s:235:4:242:Infinity":91,"s:243:4:243:Infinity":92,"s:244:4:244:Infinity":93,"f:248:17:248:29":12,"b:249:4:251:Infinity:undefined:undefined:undefined:undefined":8,"s:249:4:251:Infinity":94,"b:249:8:249:29:249:29:249:49":9,"s:250:6:250:Infinity":95,"s:253:4:253:Infinity":96,"s:254:4:265:Infinity":97,"s:255:12:255:Infinity":98,"s:256:6:256:Infinity":99,"s:257:6:257:Infinity":100,"s:258:6:258:Infinity":101,"s:261:6:261:Infinity":102,"s:264:6:264:Infinity":103,"f:269:11:269:21":13,"s:270:4:270:Infinity":104,"s:271:10:271:Infinity":105,"s:272:4:272:Infinity":106,"s:275:2:302:Infinity":107},"fnNames":{}}}
,"/root/src/wasmuscore/src/utils/audio/AudioEngine.ts": {"path":"/root/src/wasmuscore/src/utils/audio/AudioEngine.ts","statementMap":{"0":{"start":{"line":10,"column":41},"end":{"line":10,"column":null}},"1":{"start":{"line":11,"column":40},"end":{"line":11,"column":null}},"2":{"start":{"line":12,"column":51},"end":{"line":12,"column":null}},"3":{"start":{"line":13,"column":40},"end":{"line":13,"column":null}},"4":{"start":{"line":14,"column":26},"end":{"line":14,"column":null}},"5":{"start":{"line":15,"column":22},"end":{"line":15,"column":null}},"6":{"start":{"line":16,"column":25},"end":{"line":16,"column":null}},"7":{"start":{"line":23,"column":4},"end":{"line":25,"column":null}},"8":{"start":{"line":24,"column":6},"end":{"line":24,"column":null}},"9":{"start":{"line":27,"column":4},"end":{"line":60,"column":null}},"10":{"start":{"line":28,"column":6},"end":{"line":28,"column":null}},"11":{"start":{"line":29,"column":6},"end":{"line":29,"column":null}},"12":{"start":{"line":32,"column":6},"end":{"line":32,"column":null}},"13":{"start":{"line":35,"column":6},"end":{"line":35,"column":null}},"14":{"start":{"line":36,"column":6},"end":{"line":36,"column":null}},"15":{"start":{"line":37,"column":6},"end":{"line":37,"column":null}},"16":{"start":{"line":40,"column":25},"end":{"line":42,"column":null}},"17":{"start":{"line":41,"column":8},"end":{"line":41,"column":null}},"18":{"start":{"line":45,"column":6},"end":{"line":49,"column":null}},"19":{"start":{"line":51,"column":6},"end":{"line":51,"column":null}},"20":{"start":{"line":53,"column":6},"end":{"line":53,"column":null}},"21":{"start":{"line":54,"column":6},"end":{"line":54,"column":null}},"22":{"start":{"line":57,"column":6},"end":{"line":57,"column":null}},"23":{"start":{"line":58,"column":6},"end":{"line":58,"column":null}},"24":{"start":{"line":59,"column":6},"end":{"line":59,"column":null}},"25":{"start":{"line":67,"column":4},"end":{"line":70,"column":null}},"26":{"start":{"line":68,"column":6},"end":{"line":68,"column":null}},"27":{"start":{"line":69,"column":6},"end":{"line":69,"column":null}},"28":{"start":{"line":73,"column":16},"end":{"line":73,"column":null}},"29":{"start":{"line":74,"column":4},"end":{"line":76,"column":null}},"30":{"start":{"line":75,"column":6},"end":{"line":75,"column":null}},"31":{"start":{"line":78,"column":4},"end":{"line":96,"column":null}},"32":{"start":{"line":80,"column":21},"end":{"line":80,"column":null}},"33":{"start":{"line":83,"column":20},"end":{"line":86,"column":null}},"34":{"start":{"line":88,"column":6},"end":{"line":92,"column":null}},"35":{"start":{"line":95,"column":6},"end":{"line":95,"column":null}},"36":{"start":{"line":103,"column":16},"end":{"line":103,"column":null}},"37":{"start":{"line":104,"column":22},"end":{"line":104,"column":null}},"38":{"start":{"line":106,"column":4},"end":{"line":108,"column":null}},"39":{"start":{"line":107,"column":6},"end":{"line":107,"column":null}},"40":{"start":{"line":110,"column":4},"end":{"line":118,"column":null}},"41":{"start":{"line":112,"column":6},"end":{"line":112,"column":null}},"42":{"start":{"line":113,"column":6},"end":{"line":113,"column":null}},"43":{"start":{"line":116,"column":6},"end":{"line":116,"column":null}},"44":{"start":{"line":117,"column":6},"end":{"line":117,"column":null}},"45":{"start":{"line":125,"column":21},"end":{"line":128,"column":null}},"46":{"start":{"line":126,"column":30},"end":{"line":126,"column":null}},"47":{"start":{"line":127,"column":6},"end":{"line":127,"column":null}},"48":{"start":{"line":130,"column":4},"end":{"line":130,"column":null}},"49":{"start":{"line":131,"column":4},"end":{"line":131,"column":null}},"50":{"start":{"line":138,"column":4},"end":{"line":141,"column":null}},"51":{"start":{"line":140,"column":6},"end":{"line":140,"column":null}},"52":{"start":{"line":148,"column":4},"end":{"line":148,"column":null}},"53":{"start":{"line":155,"column":4},"end":{"line":155,"column":null}},"54":{"start":{"line":162,"column":4},"end":{"line":162,"column":null}},"55":{"start":{"line":169,"column":4},"end":{"line":171,"column":null}},"56":{"start":{"line":170,"column":6},"end":{"line":170,"column":null}},"57":{"start":{"line":178,"column":4},"end":{"line":178,"column":null}},"58":{"start":{"line":180,"column":4},"end":{"line":183,"column":null}},"59":{"start":{"line":181,"column":6},"end":{"line":181,"column":null}},"60":{"start":{"line":182,"column":6},"end":{"line":182,"column":null}},"61":{"start":{"line":185,"column":4},"end":{"line":188,"column":null}},"62":{"start":{"line":186,"column":6},"end":{"line":186,"column":null}},"63":{"start":{"line":187,"column":6},"end":{"line":187,"column":null}},"64":{"start":{"line":190,"column":4},"end":{"line":190,"column":null}},"65":{"start":{"line":195,"column":46},"end":{"line":195,"column":null}},"66":{"start":{"line":198,"column":2},"end":{"line":200,"column":null}},"67":{"start":{"line":199,"column":4},"end":{"line":199,"column":null}},"68":{"start":{"line":201,"column":2},"end":{"line":201,"column":null}}},"fnMap":{"0":{"name":"init","decl":{"start":{"line":22,"column":8},"end":{"line":22,"column":13}},"loc":{"start":{"line":22,"column":44},"end":{"line":61,"column":null}},"line":22},"1":{"name":"(anonymous_1)","decl":{"start":{"line":40,"column":25},"end":{"line":40,"column":26}},"loc":{"start":{"line":40,"column":47},"end":{"line":42,"column":null}},"line":40},"2":{"name":"noteOn","decl":{"start":{"line":66,"column":8},"end":{"line":66,"column":15}},"loc":{"start":{"line":66,"column":83},"end":{"line":97,"column":null}},"line":66},"3":{"name":"noteOff","decl":{"start":{"line":102,"column":8},"end":{"line":102,"column":16}},"loc":{"start":{"line":102,"column":66},"end":{"line":119,"column":null}},"line":102},"4":{"name":"stopAll","decl":{"start":{"line":124,"column":8},"end":{"line":124,"column":33}},"loc":{"start":{"line":124,"column":33},"end":{"line":132,"column":null}},"line":124},"5":{"name":"(anonymous_5)","decl":{"start":{"line":125,"column":62},"end":{"line":125,"column":69}},"loc":{"start":{"line":125,"column":77},"end":{"line":128,"column":5}},"line":125},"6":{"name":"setVolume","decl":{"start":{"line":137,"column":2},"end":{"line":137,"column":12}},"loc":{"start":{"line":137,"column":34},"end":{"line":142,"column":null}},"line":137},"7":{"name":"getLoadProgress","decl":{"start":{"line":147,"column":2},"end":{"line":147,"column":28}},"loc":{"start":{"line":147,"column":28},"end":{"line":149,"column":null}},"line":147},"8":{"name":"isReady","decl":{"start":{"line":154,"column":2},"end":{"line":154,"column":21}},"loc":{"start":{"line":154,"column":21},"end":{"line":156,"column":null}},"line":154},"9":{"name":"isLoadingState","decl":{"start":{"line":161,"column":2},"end":{"line":161,"column":28}},"loc":{"start":{"line":161,"column":28},"end":{"line":163,"column":null}},"line":161},"10":{"name":"resume","decl":{"start":{"line":168,"column":8},"end":{"line":168,"column":32}},"loc":{"start":{"line":168,"column":32},"end":{"line":172,"column":null}},"line":168},"11":{"name":"dispose","decl":{"start":{"line":177,"column":8},"end":{"line":177,"column":33}},"loc":{"start":{"line":177,"column":33},"end":{"line":191,"column":null}},"line":177},"12":{"name":"getAudioEngine","decl":{"start":{"line":197,"column":16},"end":{"line":197,"column":46}},"loc":{"start":{"line":197,"column":46},"end":{"line":202,"column":null}},"line":197}},"branchMap":{"0":{"loc":{"start":{"line":23,"column":4},"end":{"line":25,"column":null}},"type":"if","locations":[{"start":{"line":23,"column":4},"end":{"line":25,"column":null}},{"start":{},"end":{}}],"line":23},"1":{"loc":{"start":{"line":66,"column":47},"end":{"line":66,"column":83}},"type":"default-arg","locations":[{"start":{"line":66,"column":65},"end":{"line":66,"column":83}}],"line":66},"2":{"loc":{"start":{"line":67,"column":4},"end":{"line":70,"column":null}},"type":"if","locations":[{"start":{"line":67,"column":4},"end":{"line":70,"column":null}},{"start":{},"end":{}}],"line":67},"3":{"loc":{"start":{"line":67,"column":8},"end":{"line":67,"column":48}},"type":"binary-expr","locations":[{"start":{"line":67,"column":8},"end":{"line":67,"column":31}},{"start":{"line":67,"column":31},"end":{"line":67,"column":48}}],"line":67},"4":{"loc":{"start":{"line":74,"column":4},"end":{"line":76,"column":null}},"type":"if","locations":[{"start":{"line":74,"column":4},"end":{"line":76,"column":null}},{"start":{},"end":{}}],"line":74},"5":{"loc":{"start":{"line":102,"column":30},"end":{"line":102,"column":66}},"type":"default-arg","locations":[{"start":{"line":102,"column":48},"end":{"line":102,"column":66}}],"line":102},"6":{"loc":{"start":{"line":106,"column":4},"end":{"line":108,"column":null}},"type":"if","locations":[{"start":{"line":106,"column":4},"end":{"line":108,"column":null}},{"start":{},"end":{}}],"line":106},"7":{"loc":{"start":{"line":138,"column":4},"end":{"line":141,"column":null}},"type":"if","locations":[{"start":{"line":138,"column":4},"end":{"line":141,"column":null}},{"start":{},"end":{}}],"line":138},"8":{"loc":{"start":{"line":169,"column":4},"end":{"line":171,"column":null}},"type":"if","locations":[{"start":{"line":169,"column":4},"end":{"line":171,"column":null}},{"start":{},"end":{}}],"line":169},"9":{"loc":{"start":{"line":169,"column":8},"end":{"line":169,"column":60}},"type":"binary-expr","locations":[{"start":{"line":169,"column":8},"end":{"line":169,"column":24}},{"start":{"line":169,"column":24},"end":{"line":169,"column":60}}],"line":169},"10":{"loc":{"start":{"line":180,"column":4},"end":{"line":183,"column":null}},"type":"if","locations":[{"start":{"line":180,"column":4},"end":{"line":183,"column":null}},{"start":{},"end":{}}],"line":180},"11":{"loc":{"start":{"line":185,"column":4},"end":{"line":188,"column":null}},"type":"if","locations":[{"start":{"line":185,"column":4},"end":{"line":188,"column":null}},{"start":{},"end":{}}],"line":185},"12":{"loc":{"start":{"line":198,"column":2},"end":{"line":200,"column":null}},"type":"if","locations":[{"start":{"line":198,"column":2},"end":{"line":200,"column":null}},{"start":{},"end":{}}],"line":198}},"s":{"0":61,"1":61,"2":61,"3":61,"4":61,"5":61,"6":61,"7":52,"8":1,"9":51,"10":51,"11":51,"12":51,"13":51,"14":51,"15":51,"16":51,"17":0,"18":51,"19":51,"20":49,"21":49,"22":2,"23":2,"24":2,"25":50,"26":2,"27":2,"28":48,"29":48,"30":4,"31":48,"32":48,"33":48,"34":47,"35":1,"36":50,"37":50,"38":50,"39":3,"40":47,"41":47,"42":47,"43":0,"44":0,"45":72,"46":39,"47":39,"48":72,"49":72,"50":12,"51":11,"52":1,"53":8,"54":5,"55":4,"56":2,"57":67,"58":67,"59":51,"60":51,"61":67,"62":51,"63":51,"64":67,"65":2,"66":12,"67":1,"68":12},"f":{"0":52,"1":0,"2":50,"3":50,"4":72,"5":39,"6":12,"7":1,"8":8,"9":5,"10":4,"11":67,"12":12},"b":{"0":[1,51],"1":[50],"2":[2,48],"3":[50,48],"4":[4,44],"5":[50],"6":[3,47],"7":[11,1],"8":[2,2],"9":[4,3],"10":[51,16],"11":[51,16],"12":[1,11]},"meta":{"lastBranch":13,"lastFunction":13,"lastStatement":69,"seen":{"s:10:41:10:Infinity":0,"s:11:40:11:Infinity":1,"s:12:51:12:Infinity":2,"s:13:40:13:Infinity":3,"s:14:26:14:Infinity":4,"s:15:22:15:Infinity":5,"s:16:25:16:Infinity":6,"f:22:8:22:13":0,"b:23:4:25:Infinity:undefined:undefined:undefined:undefined":0,"s:23:4:25:Infinity":7,"s:24:6:24:Infinity":8,"s:27:4:60:Infinity":9,"s:28:6:28:Infinity":10,"s:29:6:29:Infinity":11,"s:32:6:32:Infinity":12,"s:35:6:35:Infinity":13,"s:36:6:36:Infinity":14,"s:37:6:37:Infinity":15,"s:40:25:42:Infinity":16,"f:40:25:40:26":1,"s:41:8:41:Infinity":17,"s:45:6:49:Infinity":18,"s:51:6:51:Infinity":19,"s:53:6:53:Infinity":20,"s:54:6:54:Infinity":21,"s:57:6:57:Infinity":22,"s:58:6:58:Infinity":23,"s:59:6:59:Infinity":24,"f:66:8:66:15":2,"b:66:65:66:83":1,"b:67:4:70:Infinity:undefined:undefined:undefined:undefined":2,"s:67:4:70:Infinity":25,"b:67:8:67:31:67:31:67:48":3,"s:68:6:68:Infinity":26,"s:69:6:69:Infinity":27,"s:73:16:73:Infinity":28,"b:74:4:76:Infinity:undefined:undefined:undefined:undefined":4,"s:74:4:76:Infinity":29,"s:75:6:75:Infinity":30,"s:78:4:96:Infinity":31,"s:80:21:80:Infinity":32,"s:83:20:86:Infinity":33,"s:88:6:92:Infinity":34,"s:95:6:95:Infinity":35,"f:102:8:102:16":3,"b:102:48:102:66":5,"s:103:16:103:Infinity":36,"s:104:22:104:Infinity":37,"b:106:4:108:Infinity:undefined:undefined:undefined:undefined":6,"s:106:4:108:Infinity":38,"s:107:6:107:Infinity":39,"s:110:4:118:Infinity":40,"s:112:6:112:Infinity":41,"s:113:6:113:Infinity":42,"s:116:6:116:Infinity":43,"s:117:6:117:Infinity":44,"f:124:8:124:33":4,"s:125:21:128:Infinity":45,"f:125:62:125:69":5,"s:126:30:126:Infinity":46,"s:127:6:127:Infinity":47,"s:130:4:130:Infinity":48,"s:131:4:131:Infinity":49,"f:137:2:137:12":6,"b:138:4:141:Infinity:undefined:undefined:undefined:undefined":7,"s:138:4:141:Infinity":50,"s:140:6:140:Infinity":51,"f:147:2:147:28":7,"s:148:4:148:Infinity":52,"f:154:2:154:21":8,"s:155:4:155:Infinity":53,"f:161:2:161:28":9,"s:162:4:162:Infinity":54,"f:168:8:168:32":10,"b:169:4:171:Infinity:undefined:undefined:undefined:undefined":8,"s:169:4:171:Infinity":55,"b:169:8:169:24:169:24:169:60":9,"s:170:6:170:Infinity":56,"f:177:8:177:33":11,"s:178:4:178:Infinity":57,"b:180:4:183:Infinity:undefined:undefined:undefined:undefined":10,"s:180:4:183:Infinity":58,"s:181:6:181:Infinity":59,"s:182:6:182:Infinity":60,"b:185:4:188:Infinity:undefined:undefined:undefined:undefined":11,"s:185:4:188:Infinity":61,"s:186:6:186:Infinity":62,"s:187:6:187:Infinity":63,"s:190:4:190:Infinity":64,"s:195:46:195:Infinity":65,"f:197:16:197:46":12,"b:198:2:200:Infinity:undefined:undefined:undefined:undefined":12,"s:198:2:200:Infinity":66,"s:199:4:199:Infinity":67,"s:201:2:201:Infinity":68},"fnNames":{}}}
,"/root/src/wasmuscore/src/utils/midi/MidiRecorder.ts": {"path":"/root/src/wasmuscore/src/utils/midi/MidiRecorder.ts","statementMap":{"0":{"start":{"line":21,"column":24},"end":{"line":21,"column":null}},"1":{"start":{"line":22,"column":22},"end":{"line":22,"column":null}},"2":{"start":{"line":23,"column":42},"end":{"line":23,"column":null}},"3":{"start":{"line":24,"column":44},"end":{"line":24,"column":null}},"4":{"start":{"line":25,"column":51},"end":{"line":25,"column":null}},"5":{"start":{"line":26,"column":69},"end":{"line":26,"column":null}},"6":{"start":{"line":32,"column":4},"end":{"line":34,"column":null}},"7":{"start":{"line":33,"column":6},"end":{"line":33,"column":null}},"8":{"start":{"line":36,"column":4},"end":{"line":36,"column":null}},"9":{"start":{"line":37,"column":4},"end":{"line":37,"column":null}},"10":{"start":{"line":38,"column":4},"end":{"line":38,"column":null}},"11":{"start":{"line":39,"column":4},"end":{"line":39,"column":null}},"12":{"start":{"line":40,"column":4},"end":{"line":40,"column":null}},"13":{"start":{"line":47,"column":4},"end":{"line":49,"column":null}},"14":{"start":{"line":48,"column":6},"end":{"line":48,"column":null}},"15":{"start":{"line":51,"column":4},"end":{"line":51,"column":null}},"16":{"start":{"line":54,"column":4},"end":{"line":58,"column":null}},"17":{"start":{"line":55,"column":6},"end":{"line":57,"column":null}},"18":{"start":{"line":56,"column":8},"end":{"line":56,"column":null}},"19":{"start":{"line":60,"column":4},"end":{"line":60,"column":null}},"20":{"start":{"line":62,"column":4},"end":{"line":62,"column":null}},"21":{"start":{"line":69,"column":4},"end":{"line":71,"column":null}},"22":{"start":{"line":70,"column":6},"end":{"line":70,"column":null}},"23":{"start":{"line":73,"column":22},"end":{"line":73,"column":null}},"24":{"start":{"line":74,"column":19},"end":{"line":74,"column":null}},"25":{"start":{"line":75,"column":22},"end":{"line":75,"column":null}},"26":{"start":{"line":76,"column":20},"end":{"line":76,"column":null}},"27":{"start":{"line":78,"column":33},"end":{"line":82,"column":null}},"28":{"start":{"line":84,"column":4},"end":{"line":84,"column":null}},"29":{"start":{"line":87,"column":4},"end":{"line":89,"column":null}},"30":{"start":{"line":88,"column":6},"end":{"line":88,"column":null}},"31":{"start":{"line":92,"column":4},"end":{"line":99,"column":null}},"32":{"start":{"line":94,"column":6},"end":{"line":94,"column":null}},"33":{"start":{"line":95,"column":4},"end":{"line":99,"column":null}},"34":{"start":{"line":98,"column":6},"end":{"line":98,"column":null}},"35":{"start":{"line":106,"column":4},"end":{"line":106,"column":null}},"36":{"start":{"line":113,"column":4},"end":{"line":113,"column":null}},"37":{"start":{"line":120,"column":4},"end":{"line":122,"column":null}},"38":{"start":{"line":121,"column":6},"end":{"line":121,"column":null}},"39":{"start":{"line":124,"column":4},"end":{"line":126,"column":null}},"40":{"start":{"line":125,"column":6},"end":{"line":125,"column":null}},"41":{"start":{"line":128,"column":4},"end":{"line":128,"column":null}},"42":{"start":{"line":135,"column":4},"end":{"line":135,"column":null}},"43":{"start":{"line":142,"column":4},"end":{"line":142,"column":null}},"44":{"start":{"line":143,"column":4},"end":{"line":143,"column":null}},"45":{"start":{"line":144,"column":4},"end":{"line":144,"column":null}},"46":{"start":{"line":145,"column":4},"end":{"line":145,"column":null}},"47":{"start":{"line":152,"column":4},"end":{"line":154,"column":null}},"48":{"start":{"line":153,"column":6},"end":{"line":153,"column":null}},"49":{"start":{"line":157,"column":29},"end":{"line":157,"column":null}},"50":{"start":{"line":160,"column":4},"end":{"line":160,"column":null}},"51":{"start":{"line":163,"column":4},"end":{"line":163,"column":null}},"52":{"start":{"line":165,"column":4},"end":{"line":165,"column":null}},"53":{"start":{"line":172,"column":4},"end":{"line":180,"column":null}},"54":{"start":{"line":174,"column":44},"end":{"line":178,"column":8}},"55":{"start":{"line":186,"column":16},"end":{"line":186,"column":null}},"56":{"start":{"line":187,"column":39},"end":{"line":193,"column":null}},"57":{"start":{"line":195,"column":4},"end":{"line":195,"column":null}},"58":{"start":{"line":199,"column":16},"end":{"line":199,"column":null}},"59":{"start":{"line":200,"column":23},"end":{"line":200,"column":null}},"60":{"start":{"line":202,"column":4},"end":{"line":206,"column":null}},"61":{"start":{"line":203,"column":6},"end":{"line":203,"column":null}},"62":{"start":{"line":204,"column":6},"end":{"line":204,"column":null}},"63":{"start":{"line":205,"column":6},"end":{"line":205,"column":null}},"64":{"start":{"line":210,"column":4},"end":{"line":220,"column":null}},"65":{"start":{"line":213,"column":8},"end":{"line":213,"column":null}},"66":{"start":{"line":215,"column":8},"end":{"line":215,"column":null}},"67":{"start":{"line":217,"column":8},"end":{"line":217,"column":null}},"68":{"start":{"line":219,"column":8},"end":{"line":219,"column":null}},"69":{"start":{"line":226,"column":29},"end":{"line":226,"column":null}},"70":{"start":{"line":229,"column":4},"end":{"line":229,"column":null}},"71":{"start":{"line":231,"column":4},"end":{"line":231,"column":null}},"72":{"start":{"line":233,"column":4},"end":{"line":233,"column":null}},"73":{"start":{"line":235,"column":4},"end":{"line":235,"column":null}},"74":{"start":{"line":237,"column":4},"end":{"line":237,"column":null}},"75":{"start":{"line":239,"column":4},"end":{"line":239,"column":null}},"76":{"start":{"line":243,"column":28},"end":{"line":243,"column":null}},"77":{"start":{"line":246,"column":4},"end":{"line":246,"column":null}},"78":{"start":{"line":249,"column":4},"end":{"line":249,"column":null}},"79":{"start":{"line":251,"column":4},"end":{"line":251,"column":null}},"80":{"start":{"line":255,"column":28},"end":{"line":255,"column":null}},"81":{"start":{"line":258,"column":4},"end":{"line":258,"column":null}},"82":{"start":{"line":260,"column":32},"end":{"line":260,"column":null}},"83":{"start":{"line":263,"column":4},"end":{"line":263,"column":null}},"84":{"start":{"line":264,"column":4},"end":{"line":264,"column":null}},"85":{"start":{"line":265,"column":4},"end":{"line":265,"column":null}},"86":{"start":{"line":268,"column":4},"end":{"line":268,"column":null}},"87":{"start":{"line":269,"column":4},"end":{"line":269,"column":null}},"88":{"start":{"line":270,"column":4},"end":{"line":270,"column":null}},"89":{"start":{"line":273,"column":4},"end":{"line":273,"column":null}},"90":{"start":{"line":274,"column":4},"end":{"line":274,"column":null}},"91":{"start":{"line":277,"column":24},"end":{"line":277,"column":null}},"92":{"start":{"line":278,"column":4},"end":{"line":283,"column":null}},"93":{"start":{"line":285,"column":4},"end":{"line":285,"column":null}},"94":{"start":{"line":287,"column":4},"end":{"line":287,"column":null}},"95":{"start":{"line":291,"column":28},"end":{"line":291,"column":null}},"96":{"start":{"line":294,"column":4},"end":{"line":294,"column":null}},"97":{"start":{"line":296,"column":60},"end":{"line":296,"column":null}},"98":{"start":{"line":299,"column":22},"end":{"line":299,"column":null}},"99":{"start":{"line":301,"column":4},"end":{"line":324,"column":null}},"100":{"start":{"line":302,"column":24},"end":{"line":302,"column":null}},"101":{"start":{"line":303,"column":22},"end":{"line":303,"column":null}},"102":{"start":{"line":306,"column":6},"end":{"line":313,"column":null}},"103":{"start":{"line":316,"column":6},"end":{"line":323,"column":null}},"104":{"start":{"line":327,"column":4},"end":{"line":327,"column":null}},"105":{"start":{"line":327,"column":26},"end":{"line":327,"column":41}},"106":{"start":{"line":330,"column":32},"end":{"line":330,"column":null}},"107":{"start":{"line":331,"column":19},"end":{"line":331,"column":null}},"108":{"start":{"line":333,"column":4},"end":{"line":338,"column":null}},"109":{"start":{"line":334,"column":24},"end":{"line":334,"column":null}},"110":{"start":{"line":335,"column":6},"end":{"line":335,"column":null}},"111":{"start":{"line":336,"column":6},"end":{"line":336,"column":null}},"112":{"start":{"line":337,"column":6},"end":{"line":337,"column":null}},"113":{"start":{"line":341,"column":4},"end":{"line":341,"column":null}},"114":{"start":{"line":342,"column":4},"end":{"line":342,"column":null}},"115":{"start":{"line":345,"column":24},"end":{"line":345,"column":null}},"116":{"start":{"line":346,"column":4},"end":{"line":351,"column":null}},"117":{"start":{"line":353,"column":4},"end":{"line":353,"column":null}},"118":{"start":{"line":355,"column":4},"end":{"line":355,"column":null}},"119":{"start":{"line":359,"column":4},"end":{"line":361,"column":null}},"120":{"start":{"line":360,"column":6},"end":{"line":360,"column":null}},"121":{"start":{"line":363,"column":28},"end":{"line":363,"column":null}},"122":{"start":{"line":364,"column":15},"end":{"line":364,"column":null}},"123":{"start":{"line":366,"column":4},"end":{"line":366,"column":null}},"124":{"start":{"line":367,"column":4},"end":{"line":367,"column":null}},"125":{"start":{"line":369,"column":4},"end":{"line":372,"column":null}},"126":{"start":{"line":370,"column":6},"end":{"line":370,"column":null}},"127":{"start":{"line":371,"column":6},"end":{"line":371,"column":null}},"128":{"start":{"line":374,"column":4},"end":{"line":374,"column":null}}},"fnMap":{"0":{"name":"start","decl":{"start":{"line":31,"column":2},"end":{"line":31,"column":10}},"loc":{"start":{"line":31,"column":10},"end":{"line":41,"column":null}},"line":31},"1":{"name":"stop","decl":{"start":{"line":46,"column":2},"end":{"line":46,"column":9}},"loc":{"start":{"line":46,"column":9},"end":{"line":63,"column":null}},"line":46},"2":{"name":"(anonymous_2)","decl":{"start":{"line":54,"column":29},"end":{"line":54,"column":30}},"loc":{"start":{"line":54,"column":39},"end":{"line":58,"column":5}},"line":54},"3":{"name":"handleMidiEvent","decl":{"start":{"line":68,"column":2},"end":{"line":68,"column":18}},"loc":{"start":{"line":68,"column":36},"end":{"line":100,"column":null}},"line":68},"4":{"name":"getRecordedNotes","decl":{"start":{"line":105,"column":2},"end":{"line":105,"column":37}},"loc":{"start":{"line":105,"column":37},"end":{"line":107,"column":null}},"line":105},"5":{"name":"getRecordedEvents","decl":{"start":{"line":112,"column":2},"end":{"line":112,"column":39}},"loc":{"start":{"line":112,"column":39},"end":{"line":114,"column":null}},"line":112},"6":{"name":"getDuration","decl":{"start":{"line":119,"column":2},"end":{"line":119,"column":24}},"loc":{"start":{"line":119,"column":24},"end":{"line":129,"column":null}},"line":119},"7":{"name":"setOnEventCallback","decl":{"start":{"line":134,"column":2},"end":{"line":134,"column":21}},"loc":{"start":{"line":134,"column":63},"end":{"line":136,"column":null}},"line":134},"8":{"name":"clear","decl":{"start":{"line":141,"column":2},"end":{"line":141,"column":10}},"loc":{"start":{"line":141,"column":10},"end":{"line":146,"column":null}},"line":141},"9":{"name":"exportToMidiFile","decl":{"start":{"line":151,"column":2},"end":{"line":151,"column":33}},"loc":{"start":{"line":151,"column":33},"end":{"line":166,"column":null}},"line":151},"10":{"name":"exportToJson","decl":{"start":{"line":171,"column":2},"end":{"line":171,"column":25}},"loc":{"start":{"line":171,"column":25},"end":{"line":181,"column":null}},"line":171},"11":{"name":"(anonymous_11)","decl":{"start":{"line":174,"column":38},"end":{"line":174,"column":44}},"loc":{"start":{"line":174,"column":44},"end":{"line":178,"column":8}},"line":174},"12":{"name":"handleNoteOn","decl":{"start":{"line":185,"column":10},"end":{"line":185,"column":23}},"loc":{"start":{"line":185,"column":91},"end":{"line":196,"column":null}},"line":185},"13":{"name":"handleNoteOff","decl":{"start":{"line":198,"column":10},"end":{"line":198,"column":24}},"loc":{"start":{"line":198,"column":74},"end":{"line":207,"column":null}},"line":198},"14":{"name":"getEventType","decl":{"start":{"line":209,"column":10},"end":{"line":209,"column":23}},"loc":{"start":{"line":209,"column":65},"end":{"line":221,"column":null}},"line":209},"15":{"name":"buildHeader","decl":{"start":{"line":225,"column":10},"end":{"line":225,"column":34}},"loc":{"start":{"line":225,"column":34},"end":{"line":240,"column":null}},"line":225},"16":{"name":"buildTrack","decl":{"start":{"line":242,"column":10},"end":{"line":242,"column":33}},"loc":{"start":{"line":242,"column":33},"end":{"line":252,"column":null}},"line":242},"17":{"name":"buildTempoTrack","decl":{"start":{"line":254,"column":10},"end":{"line":254,"column":38}},"loc":{"start":{"line":254,"column":38},"end":{"line":288,"column":null}},"line":254},"18":{"name":"buildNoteTrack","decl":{"start":{"line":290,"column":10},"end":{"line":290,"column":37}},"loc":{"start":{"line":290,"column":37},"end":{"line":356,"column":null}},"line":290},"19":{"name":"(anonymous_19)","decl":{"start":{"line":301,"column":31},"end":{"line":301,"column":32}},"loc":{"start":{"line":301,"column":41},"end":{"line":324,"column":5}},"line":301},"20":{"name":"(anonymous_20)","decl":{"start":{"line":327,"column":16},"end":{"line":327,"column":17}},"loc":{"start":{"line":327,"column":26},"end":{"line":327,"column":41}},"line":327},"21":{"name":"(anonymous_21)","decl":{"start":{"line":333,"column":19},"end":{"line":333,"column":20}},"loc":{"start":{"line":333,"column":30},"end":{"line":338,"column":5}},"line":333},"22":{"name":"encodeVariableLengthQuantity","decl":{"start":{"line":358,"column":10},"end":{"line":358,"column":39}},"loc":{"start":{"line":358,"column":64},"end":{"line":375,"column":null}},"line":358}},"branchMap":{"0":{"loc":{"start":{"line":32,"column":4},"end":{"line":34,"column":null}},"type":"if","locations":[{"start":{"line":32,"column":4},"end":{"line":34,"column":null}},{"start":{},"end":{}}],"line":32},"1":{"loc":{"start":{"line":47,"column":4},"end":{"line":49,"column":null}},"type":"if","locations":[{"start":{"line":47,"column":4},"end":{"line":49,"column":null}},{"start":{},"end":{}}],"line":47},"2":{"loc":{"start":{"line":55,"column":6},"end":{"line":57,"column":null}},"type":"if","locations":[{"start":{"line":55,"column":6},"end":{"line":57,"column":null}},{"start":{},"end":{}}],"line":55},"3":{"loc":{"start":{"line":69,"column":4},"end":{"line":71,"column":null}},"type":"if","locations":[{"start":{"line":69,"column":4},"end":{"line":71,"column":null}},{"start":{},"end":{}}],"line":69},"4":{"loc":{"start":{"line":87,"column":4},"end":{"line":89,"column":null}},"type":"if","locations":[{"start":{"line":87,"column":4},"end":{"line":89,"column":null}},{"start":{},"end":{}}],"line":87},"5":{"loc":{"start":{"line":92,"column":4},"end":{"line":99,"column":null}},"type":"if","locations":[{"start":{"line":92,"column":4},"end":{"line":99,"column":null}},{"start":{"line":95,"column":4},"end":{"line":99,"column":null}}],"line":92},"6":{"loc":{"start":{"line":92,"column":8},"end":{"line":92,"column":43}},"type":"binary-expr","locations":[{"start":{"line":92,"column":8},"end":{"line":92,"column":30}},{"start":{"line":92,"column":30},"end":{"line":92,"column":43}}],"line":92},"7":{"loc":{"start":{"line":95,"column":4},"end":{"line":99,"column":null}},"type":"if","locations":[{"start":{"line":95,"column":4},"end":{"line":99,"column":null}},{"start":{},"end":{}}],"line":95},"8":{"loc":{"start":{"line":96,"column":13},"end":{"line":96,"column":74}},"type":"binary-expr","locations":[{"start":{"line":96,"column":13},"end":{"line":96,"column":36}},{"start":{"line":96,"column":36},"end":{"line":96,"column":58}},{"start":{"line":96,"column":58},"end":{"line":96,"column":74}}],"line":96},"9":{"loc":{"start":{"line":120,"column":4},"end":{"line":122,"column":null}},"type":"if","locations":[{"start":{"line":120,"column":4},"end":{"line":122,"column":null}},{"start":{},"end":{}}],"line":120},"10":{"loc":{"start":{"line":120,"column":8},"end":{"line":120,"column":63}},"type":"binary-expr","locations":[{"start":{"line":120,"column":8},"end":{"line":120,"column":29}},{"start":{"line":120,"column":29},"end":{"line":120,"column":63}}],"line":120},"11":{"loc":{"start":{"line":124,"column":4},"end":{"line":126,"column":null}},"type":"if","locations":[{"start":{"line":124,"column":4},"end":{"line":126,"column":null}},{"start":{},"end":{}}],"line":124},"12":{"loc":{"start":{"line":128,"column":11},"end":{"line":128,"column":null}},"type":"binary-expr","locations":[{"start":{"line":128,"column":11},"end":{"line":128,"column":77}},{"start":{"line":128,"column":77},"end":{"line":128,"column":null}}],"line":128},"13":{"loc":{"start":{"line":152,"column":4},"end":{"line":154,"column":null}},"type":"if","locations":[{"start":{"line":152,"column":4},"end":{"line":154,"column":null}},{"start":{},"end":{}}],"line":152},"14":{"loc":{"start":{"line":202,"column":4},"end":{"line":206,"column":null}},"type":"if","locations":[{"start":{"line":202,"column":4},"end":{"line":206,"column":null}},{"start":{},"end":{}}],"line":202},"15":{"loc":{"start":{"line":210,"column":4},"end":{"line":220,"column":null}},"type":"switch","locations":[{"start":{"line":211,"column":6},"end":{"line":211,"column":null}},{"start":{"line":212,"column":6},"end":{"line":213,"column":null}},{"start":{"line":214,"column":6},"end":{"line":215,"column":null}},{"start":{"line":216,"column":6},"end":{"line":217,"column":null}},{"start":{"line":218,"column":6},"end":{"line":219,"column":null}}],"line":210},"16":{"loc":{"start":{"line":213,"column":15},"end":{"line":213,"column":null}},"type":"cond-expr","locations":[{"start":{"line":213,"column":36},"end":{"line":213,"column":47}},{"start":{"line":213,"column":47},"end":{"line":213,"column":null}}],"line":213},"17":{"loc":{"start":{"line":359,"column":4},"end":{"line":361,"column":null}},"type":"if","locations":[{"start":{"line":359,"column":4},"end":{"line":361,"column":null}},{"start":{},"end":{}}],"line":359}},"s":{"0":56,"1":56,"2":56,"3":56,"4":56,"5":56,"6":44,"7":1,"8":43,"9":43,"10":43,"11":43,"12":43,"13":30,"14":1,"15":29,"16":29,"17":3,"18":3,"19":29,"20":29,"21":79,"22":1,"23":78,"24":78,"25":78,"26":78,"27":78,"28":78,"29":78,"30":1,"31":78,"32":43,"33":35,"34":33,"35":39,"36":10,"37":8,"38":2,"39":6,"40":1,"41":5,"42":1,"43":2,"44":2,"45":2,"46":2,"47":5,"48":1,"49":4,"50":4,"51":4,"52":4,"53":3,"54":5,"55":43,"56":43,"57":43,"58":33,"59":33,"60":33,"61":32,"62":32,"63":32,"64":78,"65":76,"66":1,"67":1,"68":0,"69":4,"70":4,"71":4,"72":4,"73":4,"74":4,"75":4,"76":4,"77":4,"78":4,"79":4,"80":4,"81":4,"82":4,"83":4,"84":4,"85":4,"86":4,"87":4,"88":4,"89":4,"90":4,"91":4,"92":4,"93":4,"94":4,"95":4,"96":4,"97":4,"98":4,"99":4,"100":5,"101":5,"102":5,"103":5,"104":4,"105":6,"106":4,"107":4,"108":4,"109":10,"110":10,"111":10,"112":10,"113":4,"114":4,"115":4,"116":4,"117":4,"118":4,"119":10,"120":0,"121":10,"122":10,"123":10,"124":10,"125":10,"126":0,"127":0,"128":10},"f":{"0":44,"1":30,"2":3,"3":79,"4":39,"5":10,"6":8,"7":1,"8":2,"9":5,"10":3,"11":5,"12":43,"13":33,"14":78,"15":4,"16":4,"17":4,"18":4,"19":5,"20":6,"21":10,"22":10},"b":{"0":[1,43],"1":[1,29],"2":[3,0],"3":[1,78],"4":[1,77],"5":[43,35],"6":[78,44],"7":[33,2],"8":[35,3,1],"9":[2,6],"10":[8,7],"11":[1,5],"12":[5,5],"13":[1,4],"14":[32,1],"15":[44,76,1,1,0],"16":[44,32],"17":[0,10]},"meta":{"lastBranch":18,"lastFunction":23,"lastStatement":129,"seen":{"s:21:24:21:Infinity":0,"s:22:22:22:Infinity":1,"s:23:42:23:Infinity":2,"s:24:44:24:Infinity":3,"s:25:51:25:Infinity":4,"s:26:69:26:Infinity":5,"f:31:2:31:10":0,"b:32:4:34:Infinity:undefined:undefined:undefined:undefined":0,"s:32:4:34:Infinity":6,"s:33:6:33:Infinity":7,"s:36:4:36:Infinity":8,"s:37:4:37:Infinity":9,"s:38:4:38:Infinity":10,"s:39:4:39:Infinity":11,"s:40:4:40:Infinity":12,"f:46:2:46:9":1,"b:47:4:49:Infinity:undefined:undefined:undefined:undefined":1,"s:47:4:49:Infinity":13,"s:48:6:48:Infinity":14,"s:51:4:51:Infinity":15,"s:54:4:58:Infinity":16,"f:54:29:54:30":2,"b:55:6:57:Infinity:undefined:undefined:undefined:undefined":2,"s:55:6:57:Infinity":17,"s:56:8:56:Infinity":18,"s:60:4:60:Infinity":19,"s:62:4:62:Infinity":20,"f:68:2:68:18":3,"b:69:4:71:Infinity:undefined:undefined:undefined:undefined":3,"s:69:4:71:Infinity":21,"s:70:6:70:Infinity":22,"s:73:22:73:Infinity":23,"s:74:19:74:Infinity":24,"s:75:22:75:Infinity":25,"s:76:20:76:Infinity":26,"s:78:33:82:Infinity":27,"s:84:4:84:Infinity":28,"b:87:4:89:Infinity:undefined:undefined:undefined:undefined":4,"s:87:4:89:Infinity":29,"s:88:6:88:Infinity":30,"b:92:4:99:Infinity:95:4:99:Infinity":5,"s:92:4:99:Infinity":31,"b:92:8:92:30:92:30:92:43":6,"s:94:6:94:Infinity":32,"b:95:4:99:Infinity:undefined:undefined:undefined:undefined":7,"s:95:4:99:Infinity":33,"b:96:13:96:36:96:36:96:58:96:58:96:74":8,"s:98:6:98:Infinity":34,"f:105:2:105:37":4,"s:106:4:106:Infinity":35,"f:112:2:112:39":5,"s:113:4:113:Infinity":36,"f:119:2:119:24":6,"b:120:4:122:Infinity:undefined:undefined:undefined:undefined":9,"s:120:4:122:Infinity":37,"b:120:8:120:29:120:29:120:63":10,"s:121:6:121:Infinity":38,"b:124:4:126:Infinity:undefined:undefined:undefined:undefined":11,"s:124:4:126:Infinity":39,"s:125:6:125:Infinity":40,"s:128:4:128:Infinity":41,"b:128:11:128:77:128:77:128:Infinity":12,"f:134:2:134:21":7,"s:135:4:135:Infinity":42,"f:141:2:141:10":8,"s:142:4:142:Infinity":43,"s:143:4:143:Infinity":44,"s:144:4:144:Infinity":45,"s:145:4:145:Infinity":46,"f:151:2:151:33":9,"b:152:4:154:Infinity:undefined:undefined:undefined:undefined":13,"s:152:4:154:Infinity":47,"s:153:6:153:Infinity":48,"s:157:29:157:Infinity":49,"s:160:4:160:Infinity":50,"s:163:4:163:Infinity":51,"s:165:4:165:Infinity":52,"f:171:2:171:25":10,"s:172:4:180:Infinity":53,"f:174:38:174:44":11,"s:174:44:178:8":54,"f:185:10:185:23":12,"s:186:16:186:Infinity":55,"s:187:39:193:Infinity":56,"s:195:4:195:Infinity":57,"f:198:10:198:24":13,"s:199:16:199:Infinity":58,"s:200:23:200:Infinity":59,"b:202:4:206:Infinity:undefined:undefined:undefined:undefined":14,"s:202:4:206:Infinity":60,"s:203:6:203:Infinity":61,"s:204:6:204:Infinity":62,"s:205:6:205:Infinity":63,"f:209:10:209:23":14,"b:211:6:211:Infinity:212:6:213:Infinity:214:6:215:Infinity:216:6:217:Infinity:218:6:219:Infinity":15,"s:210:4:220:Infinity":64,"s:213:8:213:Infinity":65,"b:213:36:213:47:213:47:213:Infinity":16,"s:215:8:215:Infinity":66,"s:217:8:217:Infinity":67,"s:219:8:219:Infinity":68,"f:225:10:225:34":15,"s:226:29:226:Infinity":69,"s:229:4:229:Infinity":70,"s:231:4:231:Infinity":71,"s:233:4:233:Infinity":72,"s:235:4:235:Infinity":73,"s:237:4:237:Infinity":74,"s:239:4:239:Infinity":75,"f:242:10:242:33":16,"s:243:28:243:Infinity":76,"s:246:4:246:Infinity":77,"s:249:4:249:Infinity":78,"s:251:4:251:Infinity":79,"f:254:10:254:38":17,"s:255:28:255:Infinity":80,"s:258:4:258:Infinity":81,"s:260:32:260:Infinity":82,"s:263:4:263:Infinity":83,"s:264:4:264:Infinity":84,"s:265:4:265:Infinity":85,"s:268:4:268:Infinity":86,"s:269:4:269:Infinity":87,"s:270:4:270:Infinity":88,"s:273:4:273:Infinity":89,"s:274:4:274:Infinity":90,"s:277:24:277:Infinity":91,"s:278:4:283:Infinity":92,"s:285:4:285:Infinity":93,"s:287:4:287:Infinity":94,"f:290:10:290:37":18,"s:291:28:291:Infinity":95,"s:294:4:294:Infinity":96,"s:296:60:296:Infinity":97,"s:299:22:299:Infinity":98,"s:301:4:324:Infinity":99,"f:301:31:301:32":19,"s:302:24:302:Infinity":100,"s:303:22:303:Infinity":101,"s:306:6:313:Infinity":102,"s:316:6:323:Infinity":103,"s:327:4:327:Infinity":104,"f:327:16:327:17":20,"s:327:26:327:41":105,"s:330:32:330:Infinity":106,"s:331:19:331:Infinity":107,"s:333:4:338:Infinity":108,"f:333:19:333:20":21,"s:334:24:334:Infinity":109,"s:335:6:335:Infinity":110,"s:336:6:336:Infinity":111,"s:337:6:337:Infinity":112,"s:341:4:341:Infinity":113,"s:342:4:342:Infinity":114,"s:345:24:345:Infinity":115,"s:346:4:351:Infinity":116,"s:353:4:353:Infinity":117,"s:355:4:355:Infinity":118,"f:358:10:358:39":22,"b:359:4:361:Infinity:undefined:undefined:undefined:undefined":17,"s:359:4:361:Infinity":119,"s:360:6:360:Infinity":120,"s:363:28:363:Infinity":121,"s:364:15:364:Infinity":122,"s:366:4:366:Infinity":123,"s:367:4:367:Infinity":124,"s:369:4:372:Infinity":125,"s:370:6:370:Infinity":126,"s:371:6:371:Infinity":127,"s:374:4:374:Infinity":128},"fnNames":{}}}
,"/root/src/wasmuscore/src/utils/musicxml/MusicXMLToMidi.ts": {"path":"/root/src/wasmuscore/src/utils/musicxml/MusicXMLToMidi.ts","statementMap":{"0":{"start":{"line":41,"column":48},"end":{"line":52,"column":null}},"1":{"start":{"line":55,"column":44},"end":{"line":63,"column":null}},"2":{"start":{"line":72,"column":20},"end":{"line":72,"column":null}},"3":{"start":{"line":73,"column":4},"end":{"line":73,"column":null}},"4":{"start":{"line":83,"column":19},"end":{"line":83,"column":null}},"5":{"start":{"line":84,"column":19},"end":{"line":84,"column":null}},"6":{"start":{"line":87,"column":24},"end":{"line":87,"column":null}},"7":{"start":{"line":88,"column":4},"end":{"line":90,"column":null}},"8":{"start":{"line":89,"column":6},"end":{"line":89,"column":null}},"9":{"start":{"line":93,"column":17},"end":{"line":93,"column":null}},"10":{"start":{"line":96,"column":19},"end":{"line":96,"column":null}},"11":{"start":{"line":98,"column":4},"end":{"line":98,"column":null}},"12":{"start":{"line":105,"column":18},"end":{"line":105,"column":null}},"13":{"start":{"line":106,"column":21},"end":{"line":106,"column":null}},"14":{"start":{"line":107,"column":21},"end":{"line":107,"column":null}},"15":{"start":{"line":110,"column":42},"end":{"line":110,"column":null}},"16":{"start":{"line":111,"column":21},"end":{"line":111,"column":null}},"17":{"start":{"line":112,"column":4},"end":{"line":116,"column":null}},"18":{"start":{"line":113,"column":20},"end":{"line":113,"column":null}},"19":{"start":{"line":114,"column":23},"end":{"line":114,"column":null}},"20":{"start":{"line":115,"column":6},"end":{"line":115,"column":null}},"21":{"start":{"line":119,"column":23},"end":{"line":119,"column":null}},"22":{"start":{"line":120,"column":20},"end":{"line":120,"column":null}},"23":{"start":{"line":121,"column":4},"end":{"line":125,"column":null}},"24":{"start":{"line":122,"column":21},"end":{"line":122,"column":null}},"25":{"start":{"line":123,"column":19},"end":{"line":123,"column":null}},"26":{"start":{"line":124,"column":6},"end":{"line":124,"column":null}},"27":{"start":{"line":128,"column":16},"end":{"line":128,"column":null}},"28":{"start":{"line":129,"column":22},"end":{"line":129,"column":null}},"29":{"start":{"line":130,"column":4},"end":{"line":132,"column":null}},"30":{"start":{"line":131,"column":6},"end":{"line":131,"column":null}},"31":{"start":{"line":135,"column":18},"end":{"line":135,"column":null}},"32":{"start":{"line":136,"column":23},"end":{"line":136,"column":null}},"33":{"start":{"line":137,"column":21},"end":{"line":137,"column":null}},"34":{"start":{"line":139,"column":4},"end":{"line":142,"column":null}},"35":{"start":{"line":140,"column":20},"end":{"line":140,"column":null}},"36":{"start":{"line":141,"column":6},"end":{"line":141,"column":null}},"37":{"start":{"line":145,"column":21},"end":{"line":145,"column":null}},"38":{"start":{"line":146,"column":23},"end":{"line":146,"column":null}},"39":{"start":{"line":148,"column":4},"end":{"line":158,"column":null}},"40":{"start":{"line":165,"column":18},"end":{"line":165,"column":null}},"41":{"start":{"line":166,"column":21},"end":{"line":166,"column":null}},"42":{"start":{"line":167,"column":36},"end":{"line":167,"column":null}},"43":{"start":{"line":169,"column":4},"end":{"line":201,"column":null}},"44":{"start":{"line":170,"column":21},"end":{"line":170,"column":null}},"45":{"start":{"line":173,"column":22},"end":{"line":173,"column":null}},"46":{"start":{"line":174,"column":27},"end":{"line":174,"column":null}},"47":{"start":{"line":176,"column":6},"end":{"line":185,"column":null}},"48":{"start":{"line":177,"column":26},"end":{"line":177,"column":null}},"49":{"start":{"line":178,"column":8},"end":{"line":184,"column":null}},"50":{"start":{"line":179,"column":10},"end":{"line":179,"column":null}},"51":{"start":{"line":180,"column":29},"end":{"line":180,"column":null}},"52":{"start":{"line":181,"column":10},"end":{"line":183,"column":null}},"53":{"start":{"line":182,"column":12},"end":{"line":182,"column":null}},"54":{"start":{"line":188,"column":20},"end":{"line":188,"column":null}},"55":{"start":{"line":191,"column":23},"end":{"line":191,"column":null}},"56":{"start":{"line":193,"column":6},"end":{"line":200,"column":null}},"57":{"start":{"line":203,"column":4},"end":{"line":203,"column":null}},"58":{"start":{"line":210,"column":34},"end":{"line":210,"column":null}},"59":{"start":{"line":211,"column":21},"end":{"line":211,"column":null}},"60":{"start":{"line":213,"column":24},"end":{"line":213,"column":null}},"61":{"start":{"line":214,"column":18},"end":{"line":214,"column":null}},"62":{"start":{"line":216,"column":4},"end":{"line":237,"column":null}},"63":{"start":{"line":218,"column":29},"end":{"line":218,"column":null}},"64":{"start":{"line":219,"column":6},"end":{"line":224,"column":null}},"65":{"start":{"line":220,"column":25},"end":{"line":220,"column":null}},"66":{"start":{"line":221,"column":8},"end":{"line":223,"column":null}},"67":{"start":{"line":226,"column":29},"end":{"line":226,"column":null}},"68":{"start":{"line":228,"column":6},"end":{"line":236,"column":null}},"69":{"start":{"line":229,"column":25},"end":{"line":229,"column":null}},"70":{"start":{"line":231,"column":8},"end":{"line":235,"column":null}},"71":{"start":{"line":232,"column":10},"end":{"line":232,"column":null}},"72":{"start":{"line":234,"column":10},"end":{"line":234,"column":null}},"73":{"start":{"line":239,"column":4},"end":{"line":239,"column":null}},"74":{"start":{"line":251,"column":17},"end":{"line":251,"column":null}},"75":{"start":{"line":252,"column":4},"end":{"line":256,"column":null}},"76":{"start":{"line":254,"column":24},"end":{"line":254,"column":null}},"77":{"start":{"line":255,"column":6},"end":{"line":255,"column":null}},"78":{"start":{"line":259,"column":18},"end":{"line":259,"column":null}},"79":{"start":{"line":260,"column":4},"end":{"line":262,"column":null}},"80":{"start":{"line":261,"column":6},"end":{"line":261,"column":null}},"81":{"start":{"line":264,"column":17},"end":{"line":264,"column":null}},"82":{"start":{"line":265,"column":19},"end":{"line":265,"column":null}},"83":{"start":{"line":266,"column":18},"end":{"line":266,"column":null}},"84":{"start":{"line":268,"column":21},"end":{"line":268,"column":null}},"85":{"start":{"line":271,"column":23},"end":{"line":271,"column":null}},"86":{"start":{"line":274,"column":21},"end":{"line":274,"column":null}},"87":{"start":{"line":277,"column":19},"end":{"line":277,"column":null}},"88":{"start":{"line":280,"column":18},"end":{"line":280,"column":null}},"89":{"start":{"line":282,"column":4},"end":{"line":290,"column":null}},"90":{"start":{"line":297,"column":22},"end":{"line":297,"column":null}},"91":{"start":{"line":298,"column":10},"end":{"line":298,"column":null}},"92":{"start":{"line":300,"column":4},"end":{"line":300,"column":null}},"93":{"start":{"line":307,"column":25},"end":{"line":307,"column":null}},"94":{"start":{"line":308,"column":4},"end":{"line":315,"column":null}},"95":{"start":{"line":311,"column":24},"end":{"line":311,"column":null}},"96":{"start":{"line":312,"column":28},"end":{"line":312,"column":null}},"97":{"start":{"line":313,"column":28},"end":{"line":313,"column":null}},"98":{"start":{"line":314,"column":6},"end":{"line":314,"column":null}},"99":{"start":{"line":318,"column":21},"end":{"line":318,"column":null}},"100":{"start":{"line":319,"column":21},"end":{"line":319,"column":null}},"101":{"start":{"line":321,"column":23},"end":{"line":321,"column":null}},"102":{"start":{"line":324,"column":17},"end":{"line":324,"column":null}},"103":{"start":{"line":325,"column":4},"end":{"line":327,"column":null}},"104":{"start":{"line":325,"column":17},"end":{"line":325,"column":20}},"105":{"start":{"line":326,"column":6},"end":{"line":326,"column":null}},"106":{"start":{"line":330,"column":29},"end":{"line":330,"column":null}},"107":{"start":{"line":331,"column":4},"end":{"line":337,"column":null}},"108":{"start":{"line":332,"column":26},"end":{"line":332,"column":null}},"109":{"start":{"line":333,"column":26},"end":{"line":333,"column":null}},"110":{"start":{"line":334,"column":6},"end":{"line":336,"column":null}},"111":{"start":{"line":335,"column":8},"end":{"line":335,"column":null}},"112":{"start":{"line":339,"column":26},"end":{"line":339,"column":null}},"113":{"start":{"line":340,"column":4},"end":{"line":340,"column":null}},"114":{"start":{"line":348,"column":34},"end":{"line":348,"column":null}},"115":{"start":{"line":349,"column":4},"end":{"line":355,"column":null}},"116":{"start":{"line":350,"column":25},"end":{"line":350,"column":null}},"117":{"start":{"line":351,"column":6},"end":{"line":353,"column":null}},"118":{"start":{"line":352,"column":8},"end":{"line":352,"column":null}},"119":{"start":{"line":354,"column":6},"end":{"line":354,"column":null}},"120":{"start":{"line":358,"column":4},"end":{"line":358,"column":null}},"121":{"start":{"line":366,"column":21},"end":{"line":366,"column":null}},"122":{"start":{"line":367,"column":4},"end":{"line":384,"column":null}},"123":{"start":{"line":368,"column":49},"end":{"line":377,"column":null}},"124":{"start":{"line":379,"column":6},"end":{"line":383,"column":null}},"125":{"start":{"line":380,"column":8},"end":{"line":382,"column":null}},"126":{"start":{"line":381,"column":10},"end":{"line":381,"column":null}},"127":{"start":{"line":387,"column":4},"end":{"line":387,"column":null}},"128":{"start":{"line":394,"column":27},"end":{"line":394,"column":null}},"129":{"start":{"line":395,"column":4},"end":{"line":402,"column":null}},"130":{"start":{"line":396,"column":26},"end":{"line":396,"column":null}},"131":{"start":{"line":398,"column":22},"end":{"line":398,"column":null}},"132":{"start":{"line":399,"column":6},"end":{"line":401,"column":null}},"133":{"start":{"line":400,"column":8},"end":{"line":400,"column":null}},"134":{"start":{"line":405,"column":18},"end":{"line":405,"column":null}},"135":{"start":{"line":406,"column":4},"end":{"line":412,"column":null}},"136":{"start":{"line":407,"column":20},"end":{"line":407,"column":null}},"137":{"start":{"line":408,"column":6},"end":{"line":411,"column":null}},"138":{"start":{"line":410,"column":8},"end":{"line":410,"column":null}},"139":{"start":{"line":414,"column":4},"end":{"line":414,"column":null}},"140":{"start":{"line":421,"column":18},"end":{"line":421,"column":null}},"141":{"start":{"line":422,"column":4},"end":{"line":427,"column":null}},"142":{"start":{"line":423,"column":20},"end":{"line":423,"column":null}},"143":{"start":{"line":424,"column":6},"end":{"line":426,"column":null}},"144":{"start":{"line":425,"column":8},"end":{"line":425,"column":null}},"145":{"start":{"line":430,"column":4},"end":{"line":430,"column":null}},"146":{"start":{"line":441,"column":28},"end":{"line":441,"column":null}},"147":{"start":{"line":442,"column":26},"end":{"line":442,"column":null}},"148":{"start":{"line":443,"column":30},"end":{"line":443,"column":null}},"149":{"start":{"line":445,"column":4},"end":{"line":445,"column":null}},"150":{"start":{"line":458,"column":4},"end":{"line":465,"column":null}},"151":{"start":{"line":459,"column":6},"end":{"line":461,"column":null}},"152":{"start":{"line":460,"column":13},"end":{"line":460,"column":null}},"153":{"start":{"line":464,"column":6},"end":{"line":464,"column":null}},"154":{"start":{"line":467,"column":4},"end":{"line":467,"column":null}},"155":{"start":{"line":476,"column":47},"end":{"line":476,"column":null}},"156":{"start":{"line":477,"column":42},"end":{"line":477,"column":null}},"157":{"start":{"line":483,"column":4},"end":{"line":483,"column":null}},"158":{"start":{"line":486,"column":4},"end":{"line":494,"column":null}},"159":{"start":{"line":497,"column":4},"end":{"line":502,"column":null}},"160":{"start":{"line":498,"column":6},"end":{"line":498,"column":null}},"161":{"start":{"line":501,"column":6},"end":{"line":501,"column":null}},"162":{"start":{"line":504,"column":4},"end":{"line":504,"column":null}},"163":{"start":{"line":511,"column":4},"end":{"line":512,"column":null}},"164":{"start":{"line":512,"column":6},"end":{"line":512,"column":null}},"165":{"start":{"line":522,"column":4},"end":{"line":524,"column":null}},"166":{"start":{"line":523,"column":6},"end":{"line":523,"column":null}},"167":{"start":{"line":525,"column":4},"end":{"line":525,"column":null}},"168":{"start":{"line":526,"column":4},"end":{"line":526,"column":null}}},"fnMap":{"0":{"name":"parseMusicXMLFile","decl":{"start":{"line":68,"column":8},"end":{"line":68,"column":26}},"loc":{"start":{"line":71,"column":5},"end":{"line":74,"column":null}},"line":71},"1":{"name":"parseMusicXMLString","decl":{"start":{"line":79,"column":8},"end":{"line":79,"column":28}},"loc":{"start":{"line":82,"column":5},"end":{"line":99,"column":null}},"line":82},"2":{"name":"extractMetadata","decl":{"start":{"line":104,"column":10},"end":{"line":104,"column":26}},"loc":{"start":{"line":104,"column":58},"end":{"line":159,"column":null}},"line":104},"3":{"name":"(anonymous_3)","decl":{"start":{"line":139,"column":18},"end":{"line":139,"column":19}},"loc":{"start":{"line":139,"column":28},"end":{"line":142,"column":5}},"line":139},"4":{"name":"extractTracks","decl":{"start":{"line":164,"column":10},"end":{"line":164,"column":24}},"loc":{"start":{"line":164,"column":59},"end":{"line":204,"column":null}},"line":164},"5":{"name":"(anonymous_5)","decl":{"start":{"line":169,"column":18},"end":{"line":169,"column":19}},"loc":{"start":{"line":169,"column":39},"end":{"line":201,"column":5}},"line":169},"6":{"name":"parsePartNotes","decl":{"start":{"line":209,"column":10},"end":{"line":209,"column":25}},"loc":{"start":{"line":209,"column":56},"end":{"line":240,"column":null}},"line":209},"7":{"name":"(anonymous_7)","decl":{"start":{"line":216,"column":21},"end":{"line":216,"column":22}},"loc":{"start":{"line":216,"column":34},"end":{"line":237,"column":5}},"line":216},"8":{"name":"(anonymous_8)","decl":{"start":{"line":228,"column":29},"end":{"line":228,"column":30}},"loc":{"start":{"line":228,"column":43},"end":{"line":236,"column":7}},"line":228},"9":{"name":"parseNoteElement","decl":{"start":{"line":245,"column":10},"end":{"line":245,"column":null}},"loc":{"start":{"line":249,"column":25},"end":{"line":291,"column":null}},"line":249},"10":{"name":"pitchToMidiNote","decl":{"start":{"line":296,"column":10},"end":{"line":296,"column":26}},"loc":{"start":{"line":296,"column":79},"end":{"line":301,"column":null}},"line":296},"11":{"name":"calculateNoteDuration","decl":{"start":{"line":306,"column":10},"end":{"line":306,"column":32}},"loc":{"start":{"line":306,"column":74},"end":{"line":341,"column":null}},"line":306},"12":{"name":"getDivisions","decl":{"start":{"line":346,"column":10},"end":{"line":346,"column":23}},"loc":{"start":{"line":346,"column":50},"end":{"line":359,"column":null}},"line":346},"13":{"name":"extractVelocity","decl":{"start":{"line":364,"column":10},"end":{"line":364,"column":26}},"loc":{"start":{"line":364,"column":53},"end":{"line":388,"column":null}},"line":364},"14":{"name":"checkIfDrumPart","decl":{"start":{"line":393,"column":10},"end":{"line":393,"column":26}},"loc":{"start":{"line":393,"column":50},"end":{"line":415,"column":null}},"line":393},"15":{"name":"extractTempoFromPart","decl":{"start":{"line":420,"column":10},"end":{"line":420,"column":31}},"loc":{"start":{"line":420,"column":54},"end":{"line":431,"column":null}},"line":420},"16":{"name":"estimateDuration","decl":{"start":{"line":436,"column":10},"end":{"line":436,"column":null}},"loc":{"start":{"line":440,"column":12},"end":{"line":446,"column":null}},"line":440},"17":{"name":"getTextContent","decl":{"start":{"line":451,"column":10},"end":{"line":451,"column":null}},"loc":{"start":{"line":455,"column":19},"end":{"line":468,"column":null}},"line":455},"18":{"name":"(anonymous_18)","decl":{"start":{"line":460,"column":8},"end":{"line":460,"column":13}},"loc":{"start":{"line":460,"column":13},"end":{"line":460,"column":null}},"line":460},"19":{"name":"render","decl":{"start":{"line":482,"column":8},"end":{"line":482,"column":15}},"loc":{"start":{"line":482,"column":75},"end":{"line":505,"column":null}},"line":482},"20":{"name":"highlightNote","decl":{"start":{"line":510,"column":2},"end":{"line":510,"column":16}},"loc":{"start":{"line":510,"column":35},"end":{"line":516,"column":null}},"line":510},"21":{"name":"dispose","decl":{"start":{"line":521,"column":2},"end":{"line":521,"column":12}},"loc":{"start":{"line":521,"column":12},"end":{"line":527,"column":null}},"line":521}},"branchMap":{"0":{"loc":{"start":{"line":88,"column":4},"end":{"line":90,"column":null}},"type":"if","locations":[{"start":{"line":88,"column":4},"end":{"line":90,"column":null}},{"start":{},"end":{}}],"line":88},"1":{"loc":{"start":{"line":105,"column":18},"end":{"line":105,"column":null}},"type":"binary-expr","locations":[{"start":{"line":105,"column":18},"end":{"line":105,"column":63}},{"start":{"line":105,"column":63},"end":{"line":105,"column":null}}],"line":105},"2":{"loc":{"start":{"line":106,"column":21},"end":{"line":106,"column":null}},"type":"binary-expr","locations":[{"start":{"line":106,"column":21},"end":{"line":106,"column":75}},{"start":{"line":106,"column":75},"end":{"line":106,"column":null}}],"line":106},"3":{"loc":{"start":{"line":107,"column":21},"end":{"line":107,"column":null}},"type":"binary-expr","locations":[{"start":{"line":107,"column":21},"end":{"line":107,"column":70}},{"start":{"line":107,"column":70},"end":{"line":107,"column":null}}],"line":107},"4":{"loc":{"start":{"line":112,"column":4},"end":{"line":116,"column":null}},"type":"if","locations":[{"start":{"line":112,"column":4},"end":{"line":116,"column":null}},{"start":{},"end":{}}],"line":112},"5":{"loc":{"start":{"line":113,"column":36},"end":{"line":113,"column":87}},"type":"binary-expr","locations":[{"start":{"line":113,"column":36},"end":{"line":113,"column":84}},{"start":{"line":113,"column":84},"end":{"line":113,"column":87}}],"line":113},"6":{"loc":{"start":{"line":114,"column":39},"end":{"line":114,"column":94}},"type":"binary-expr","locations":[{"start":{"line":114,"column":39},"end":{"line":114,"column":91}},{"start":{"line":114,"column":91},"end":{"line":114,"column":94}}],"line":114},"7":{"loc":{"start":{"line":121,"column":4},"end":{"line":125,"column":null}},"type":"if","locations":[{"start":{"line":121,"column":4},"end":{"line":125,"column":null}},{"start":{},"end":{}}],"line":121},"8":{"loc":{"start":{"line":122,"column":37},"end":{"line":122,"column":88}},"type":"binary-expr","locations":[{"start":{"line":122,"column":37},"end":{"line":122,"column":85}},{"start":{"line":122,"column":85},"end":{"line":122,"column":88}}],"line":122},"9":{"loc":{"start":{"line":123,"column":19},"end":{"line":123,"column":null}},"type":"binary-expr","locations":[{"start":{"line":123,"column":19},"end":{"line":123,"column":65}},{"start":{"line":123,"column":65},"end":{"line":123,"column":null}}],"line":123},"10":{"loc":{"start":{"line":130,"column":4},"end":{"line":132,"column":null}},"type":"if","locations":[{"start":{"line":130,"column":4},"end":{"line":132,"column":null}},{"start":{},"end":{}}],"line":130},"11":{"loc":{"start":{"line":131,"column":30},"end":{"line":131,"column":70}},"type":"binary-expr","locations":[{"start":{"line":131,"column":30},"end":{"line":131,"column":65}},{"start":{"line":131,"column":65},"end":{"line":131,"column":70}}],"line":131},"12":{"loc":{"start":{"line":170,"column":21},"end":{"line":170,"column":null}},"type":"binary-expr","locations":[{"start":{"line":170,"column":21},"end":{"line":170,"column":48}},{"start":{"line":170,"column":48},"end":{"line":170,"column":null}}],"line":170},"13":{"loc":{"start":{"line":176,"column":6},"end":{"line":185,"column":null}},"type":"if","locations":[{"start":{"line":176,"column":6},"end":{"line":185,"column":null}},{"start":{},"end":{}}],"line":176},"14":{"loc":{"start":{"line":178,"column":8},"end":{"line":184,"column":null}},"type":"if","locations":[{"start":{"line":178,"column":8},"end":{"line":184,"column":null}},{"start":{},"end":{}}],"line":178},"15":{"loc":{"start":{"line":179,"column":22},"end":{"line":179,"column":null}},"type":"binary-expr","locations":[{"start":{"line":179,"column":22},"end":{"line":179,"column":75}},{"start":{"line":179,"column":75},"end":{"line":179,"column":null}}],"line":179},"16":{"loc":{"start":{"line":181,"column":10},"end":{"line":183,"column":null}},"type":"if","locations":[{"start":{"line":181,"column":10},"end":{"line":183,"column":null}},{"start":{},"end":{}}],"line":181},"17":{"loc":{"start":{"line":182,"column":29},"end":{"line":182,"column":null}},"type":"binary-expr","locations":[{"start":{"line":182,"column":29},"end":{"line":182,"column":89}},{"start":{"line":182,"column":89},"end":{"line":182,"column":null}}],"line":182},"18":{"loc":{"start":{"line":219,"column":6},"end":{"line":224,"column":null}},"type":"if","locations":[{"start":{"line":219,"column":6},"end":{"line":224,"column":null}},{"start":{},"end":{}}],"line":219},"19":{"loc":{"start":{"line":220,"column":41},"end":{"line":220,"column":84}},"type":"binary-expr","locations":[{"start":{"line":220,"column":41},"end":{"line":220,"column":81}},{"start":{"line":220,"column":81},"end":{"line":220,"column":84}}],"line":220},"20":{"loc":{"start":{"line":221,"column":8},"end":{"line":223,"column":null}},"type":"if","locations":[{"start":{"line":221,"column":8},"end":{"line":223,"column":null}},{"start":{},"end":{}}],"line":221},"21":{"loc":{"start":{"line":231,"column":8},"end":{"line":235,"column":null}},"type":"if","locations":[{"start":{"line":231,"column":8},"end":{"line":235,"column":null}},{"start":{},"end":{}}],"line":231},"22":{"loc":{"start":{"line":252,"column":4},"end":{"line":256,"column":null}},"type":"if","locations":[{"start":{"line":252,"column":4},"end":{"line":256,"column":null}},{"start":{},"end":{}}],"line":252},"23":{"loc":{"start":{"line":260,"column":4},"end":{"line":262,"column":null}},"type":"if","locations":[{"start":{"line":260,"column":4},"end":{"line":262,"column":null}},{"start":{},"end":{}}],"line":260},"24":{"loc":{"start":{"line":264,"column":17},"end":{"line":264,"column":null}},"type":"binary-expr","locations":[{"start":{"line":264,"column":17},"end":{"line":264,"column":61}},{"start":{"line":264,"column":61},"end":{"line":264,"column":null}}],"line":264},"25":{"loc":{"start":{"line":265,"column":35},"end":{"line":265,"column":84}},"type":"binary-expr","locations":[{"start":{"line":265,"column":35},"end":{"line":265,"column":81}},{"start":{"line":265,"column":81},"end":{"line":265,"column":84}}],"line":265},"26":{"loc":{"start":{"line":266,"column":34},"end":{"line":266,"column":82}},"type":"binary-expr","locations":[{"start":{"line":266,"column":34},"end":{"line":266,"column":79}},{"start":{"line":266,"column":79},"end":{"line":266,"column":82}}],"line":266},"27":{"loc":{"start":{"line":280,"column":34},"end":{"line":280,"column":85}},"type":"binary-expr","locations":[{"start":{"line":280,"column":34},"end":{"line":280,"column":82}},{"start":{"line":280,"column":82},"end":{"line":280,"column":85}}],"line":280},"28":{"loc":{"start":{"line":297,"column":22},"end":{"line":297,"column":null}},"type":"binary-expr","locations":[{"start":{"line":297,"column":22},"end":{"line":297,"column":58}},{"start":{"line":297,"column":58},"end":{"line":297,"column":null}}],"line":297},"29":{"loc":{"start":{"line":308,"column":4},"end":{"line":315,"column":null}},"type":"if","locations":[{"start":{"line":308,"column":4},"end":{"line":315,"column":null}},{"start":{},"end":{}}],"line":308},"30":{"loc":{"start":{"line":312,"column":44},"end":{"line":312,"column":75}},"type":"binary-expr","locations":[{"start":{"line":312,"column":44},"end":{"line":312,"column":72}},{"start":{"line":312,"column":72},"end":{"line":312,"column":75}}],"line":312},"31":{"loc":{"start":{"line":319,"column":21},"end":{"line":319,"column":null}},"type":"binary-expr","locations":[{"start":{"line":319,"column":21},"end":{"line":319,"column":46}},{"start":{"line":319,"column":46},"end":{"line":319,"column":null}}],"line":319},"32":{"loc":{"start":{"line":321,"column":23},"end":{"line":321,"column":null}},"type":"binary-expr","locations":[{"start":{"line":321,"column":23},"end":{"line":321,"column":53}},{"start":{"line":321,"column":53},"end":{"line":321,"column":null}}],"line":321},"33":{"loc":{"start":{"line":331,"column":4},"end":{"line":337,"column":null}},"type":"if","locations":[{"start":{"line":331,"column":4},"end":{"line":337,"column":null}},{"start":{},"end":{}}],"line":331},"34":{"loc":{"start":{"line":332,"column":42},"end":{"line":332,"column":108}},"type":"binary-expr","locations":[{"start":{"line":332,"column":4
[...]
ull}},"40":{"start":{"line":109,"column":29},"end":{"line":109,"column":null}},"41":{"start":{"line":130,"column":31},"end":{"line":130,"column":null}},"42":{"start":{"line":138,"column":25},"end":{"line":138,"column":null}},"43":{"start":{"line":139,"column":27},"end":{"line":139,"column":null}},"44":{"start":{"line":142,"column":4},"end":{"line":176,"column":null}},"45":{"start":{"line":183,"column":4},"end":{"line":185,"column":null}},"46":{"start":{"line":184,"column":6},"end":{"line":184,"column":null}},"47":{"start":{"line":188,"column":4},"end":{"line":191,"column":null}},"48":{"start":{"line":196,"column":29},"end":{"line":196,"column":null}},"49":{"start":{"line":197,"column":4},"end":{"line":200,"column":null}},"50":{"start":{"line":207,"column":4},"end":{"line":209,"column":null}},"51":{"start":{"line":208,"column":6},"end":{"line":208,"column":null}},"52":{"start":{"line":211,"column":4},"end":{"line":211,"column":null}},"53":{"start":{"line":214,"column":4},"end":{"line":214,"column":null}},"54":{"start":{"line":217,"column":21},"end":{"line":217,"column":null}},"55":{"start":{"line":220,"column":4},"end":{"line":220,"column":null}},"56":{"start":{"line":223,"column":27},"end":{"line":223,"column":null}},"57":{"start":{"line":226,"column":58},"end":{"line":235,"column":null}},"58":{"start":{"line":237,"column":24},"end":{"line":237,"column":null}},"59":{"start":{"line":240,"column":4},"end":{"line":240,"column":null}},"60":{"start":{"line":243,"column":4},"end":{"line":243,"column":null}},"61":{"start":{"line":246,"column":24},"end":{"line":246,"column":null}},"62":{"start":{"line":247,"column":4},"end":{"line":247,"column":null}},"63":{"start":{"line":250,"column":4},"end":{"line":250,"column":null}},"64":{"start":{"line":253,"column":4},"end":{"line":253,"column":null}},"65":{"start":{"line":260,"column":4},"end":{"line":262,"column":null}},"66":{"start":{"line":261,"column":6},"end":{"line":261,"column":null}},"67":{"start":{"line":264,"column":24},"end":{"line":273,"column":null}},"68":{"start":{"line":275,"column":4},"end":{"line":275,"column":null}},"69":{"start":{"line":283,"column":21},"end":{"line":283,"column":null}},"70":{"start":{"line":284,"column":22},"end":{"line":284,"column":null}},"71":{"start":{"line":286,"column":85},"end":{"line":286,"column":null}},"72":{"start":{"line":287,"column":25},"end":{"line":287,"column":null}},"73":{"start":{"line":288,"column":23},"end":{"line":288,"column":null}},"74":{"start":{"line":289,"column":23},"end":{"line":289,"column":null}},"75":{"start":{"line":291,"column":23},"end":{"line":291,"column":null}},"76":{"start":{"line":294,"column":24},"end":{"line":303,"column":null}},"77":{"start":{"line":305,"column":4},"end":{"line":334,"column":null}},"78":{"start":{"line":305,"column":17},"end":{"line":305,"column":20}},"79":{"start":{"line":306,"column":19},"end":{"line":306,"column":null}},"80":{"start":{"line":309,"column":6},"end":{"line":311,"column":null}},"81":{"start":{"line":310,"column":8},"end":{"line":310,"column":null}},"82":{"start":{"line":314,"column":20},"end":{"line":314,"column":null}},"83":{"start":{"line":315,"column":20},"end":{"line":315,"column":null}},"84":{"start":{"line":316,"column":25},"end":{"line":316,"column":null}},"85":{"start":{"line":317,"column":24},"end":{"line":317,"column":null}},"86":{"start":{"line":320,"column":20},"end":{"line":322,"column":null}},"87":{"start":{"line":326,"column":6},"end":{"line":326,"column":null}},"88":{"start":{"line":327,"column":6},"end":{"line":327,"column":null}},"89":{"start":{"line":328,"column":6},"end":{"line":328,"column":null}},"90":{"start":{"line":331,"column":6},"end":{"line":331,"column":null}},"91":{"start":{"line":332,"column":6},"end":{"line":332,"column":null}},"92":{"start":{"line":333,"column":6},"end":{"line":333,"column":null}},"93":{"start":{"line":336,"column":4},"end":{"line":336,"column":null}},"94":{"start":{"line":352,"column":19},"end":{"line":352,"column":null}},"95":{"start":{"line":353,"column":4},"end":{"line":353,"column":null}},"96":{"start":{"line":354,"column":4},"end":{"line":354,"column":null}},"97":{"start":{"line":355,"column":4},"end":{"line":355,"column":null}},"98":{"start":{"line":356,"column":4},"end":{"line":356,"column":null}},"99":{"start":{"line":357,"column":4},"end":{"line":357,"column":null}},"100":{"start":{"line":358,"column":4},"end":{"line":358,"column":null}},"101":{"start":{"line":366,"column":10},"end":{"line":366,"column":null}},"102":{"start":{"line":367,"column":4},"end":{"line":367,"column":null}},"103":{"start":{"line":379,"column":21},"end":{"line":379,"column":null}},"104":{"start":{"line":380,"column":24},"end":{"line":380,"column":null}},"105":{"start":{"line":381,"column":4},"end":{"line":381,"column":null}},"106":{"start":{"line":392,"column":29},"end":{"line":392,"column":null}},"107":{"start":{"line":393,"column":4},"end":{"line":393,"column":null}},"108":{"start":{"line":400,"column":4},"end":{"line":402,"column":null}},"109":{"start":{"line":401,"column":6},"end":{"line":401,"column":null}},"110":{"start":{"line":404,"column":4},"end":{"line":404,"column":null}},"111":{"start":{"line":405,"column":4},"end":{"line":405,"column":null}},"112":{"start":{"line":407,"column":4},"end":{"line":413,"column":null}},"113":{"start":{"line":408,"column":6},"end":{"line":412,"column":null}},"114":{"start":{"line":420,"column":4},"end":{"line":422,"column":null}},"115":{"start":{"line":421,"column":6},"end":{"line":421,"column":null}},"116":{"start":{"line":423,"column":4},"end":{"line":425,"column":null}},"117":{"start":{"line":424,"column":6},"end":{"line":424,"column":null}},"118":{"start":{"line":426,"column":4},"end":{"line":428,"column":null}},"119":{"start":{"line":427,"column":6},"end":{"line":427,"column":null}},"120":{"start":{"line":429,"column":4},"end":{"line":431,"column":null}},"121":{"start":{"line":430,"column":6},"end":{"line":430,"column":null}},"122":{"start":{"line":432,"column":4},"end":{"line":434,"column":null}},"123":{"start":{"line":433,"column":6},"end":{"line":433,"column":null}},"124":{"start":{"line":441,"column":4},"end":{"line":446,"column":null}},"125":{"start":{"line":453,"column":38},"end":{"line":453,"column":null}},"126":{"start":{"line":456,"column":2},"end":{"line":458,"column":null}},"127":{"start":{"line":457,"column":4},"end":{"line":457,"column":null}},"128":{"start":{"line":459,"column":2},"end":{"line":459,"column":null}}},"fnMap":{"0":{"name":"init","decl":{"start":{"line":45,"column":8},"end":{"line":45,"column":13}},"loc":{"start":{"line":45,"column":58},"end":{"line":98,"column":null}},"line":45},"1":{"name":"createPipeline","decl":{"start":{"line":103,"column":16},"end":{"line":103,"column":31}},"loc":{"start":{"line":103,"column":78},"end":{"line":177,"column":null}},"line":103},"2":{"name":"createBuffers","decl":{"start":{"line":182,"column":10},"end":{"line":182,"column":32}},"loc":{"start":{"line":182,"column":32},"end":{"line":201,"column":null}},"line":182},"3":{"name":"render","decl":{"start":{"line":206,"column":2},"end":{"line":206,"column":9}},"loc":{"start":{"line":206,"column":56},"end":{"line":254,"column":null}},"line":206},"4":{"name":"updateUniformBuffer","decl":{"start":{"line":259,"column":10},"end":{"line":259,"column":30}},"loc":{"start":{"line":259,"column":58},"end":{"line":276,"column":null}},"line":259},"5":{"name":"generateVertices","decl":{"start":{"line":282,"column":10},"end":{"line":282,"column":27}},"loc":{"start":{"line":282,"column":82},"end":{"line":337,"column":null}},"line":282},"6":{"name":"addVertex","decl":{"start":{"line":342,"column":10},"end":{"line":342,"column":null}},"loc":{"start":{"line":351,"column":10},"end":{"line":359,"column":null}},"line":351},"7":{"name":"noteToX","decl":{"start":{"line":364,"column":10},"end":{"line":364,"column":18}},"loc":{"start":{"line":364,"column":62},"end":{"line":368,"column":null}},"line":364},"8":{"name":"timeToY","decl":{"start":{"line":373,"column":10},"end":{"line":373,"column":null}},"loc":{"start":{"line":378,"column":12},"end":{"line":382,"column":null}},"line":378},"9":{"name":"durationToHeight","decl":{"start":{"line":387,"column":10},"end":{"line":387,"column":null}},"loc":{"start":{"line":391,"column":12},"end":{"line":394,"column":null}},"line":391},"10":{"name":"resize","decl":{"start":{"line":399,"column":2},"end":{"line":399,"column":9}},"loc":{"start":{"line":399,"column":46},"end":{"line":414,"column":null}},"line":399},"11":{"name":"dispose","decl":{"start":{"line":419,"column":2},"end":{"line":419,"column":18}},"loc":{"start":{"line":419,"column":18},"end":{"line":435,"column":null}},"line":419},"12":{"name":"getStats","decl":{"start":{"line":440,"column":2},"end":{"line":440,"column":13}},"loc":{"start":{"line":440,"column":13},"end":{"line":447,"column":null}},"line":440},"13":{"name":"getWebGPURenderer","decl":{"start":{"line":455,"column":16},"end":{"line":455,"column":52}},"loc":{"start":{"line":455,"column":52},"end":{"line":460,"column":null}},"line":455}},"branchMap":{"0":{"loc":{"start":{"line":50,"column":6},"end":{"line":54,"column":null}},"type":"if","locations":[{"start":{"line":50,"column":6},"end":{"line":54,"column":null}},{"start":{},"end":{}}],"line":50},"1":{"loc":{"start":{"line":58,"column":6},"end":{"line":62,"column":null}},"type":"if","locations":[{"start":{"line":58,"column":6},"end":{"line":62,"column":null}},{"start":{},"end":{}}],"line":58},"2":{"loc":{"start":{"line":69,"column":6},"end":{"line":73,"column":null}},"type":"if","locations":[{"start":{"line":69,"column":6},"end":{"line":73,"column":null}},{"start":{},"end":{}}],"line":69},"3":{"loc":{"start":{"line":104,"column":4},"end":{"line":106,"column":null}},"type":"if","locations":[{"start":{"line":104,"column":4},"end":{"line":106,"column":null}},{"start":{},"end":{}}],"line":104},"4":{"loc":{"start":{"line":183,"column":4},"end":{"line":185,"column":null}},"type":"if","locations":[{"start":{"line":183,"column":4},"end":{"line":185,"column":null}},{"start":{},"end":{}}],"line":183},"5":{"loc":{"start":{"line":207,"column":4},"end":{"line":209,"column":null}},"type":"if","locations":[{"start":{"line":207,"column":4},"end":{"line":209,"column":null}},{"start":{},"end":{}}],"line":207},"6":{"loc":{"start":{"line":207,"column":8},"end":{"line":207,"column":73}},"type":"binary-expr","locations":[{"start":{"line":207,"column":8},"end":{"line":207,"column":24}},{"start":{"line":207,"column":24},"end":{"line":207,"column":41}},{"start":{"line":207,"column":41},"end":{"line":207,"column":59}},{"start":{"line":207,"column":59},"end":{"line":207,"column":73}}],"line":207},"7":{"loc":{"start":{"line":260,"column":4},"end":{"line":262,"column":null}},"type":"if","locations":[{"start":{"line":260,"column":4},"end":{"line":262,"column":null}},{"start":{},"end":{}}],"line":260},"8":{"loc":{"start":{"line":260,"column":8},"end":{"line":260,"column":45}},"type":"binary-expr","locations":[{"start":{"line":260,"column":8},"end":{"line":260,"column":24}},{"start":{"line":260,"column":24},"end":{"line":260,"column":45}}],"line":260},"9":{"loc":{"start":{"line":309,"column":6},"end":{"line":311,"column":null}},"type":"if","locations":[{"start":{"line":309,"column":6},"end":{"line":311,"column":null}},{"start":{},"end":{}}],"line":309},"10":{"loc":{"start":{"line":309,"column":10},"end":{"line":309,"column":86}},"type":"binary-expr","locations":[{"start":{"line":309,"column":10},"end":{"line":309,"column":59}},{"start":{"line":309,"column":59},"end":{"line":309,"column":86}}],"line":309},"11":{"loc":{"start":{"line":320,"column":20},"end":{"line":322,"column":null}},"type":"cond-expr","locations":[{"start":{"line":321,"column":10},"end":{"line":321,"column":null}},{"start":{"line":322,"column":10},"end":{"line":322,"column":null}}],"line":320},"12":{"loc":{"start":{"line":400,"column":4},"end":{"line":402,"column":null}},"type":"if","locations":[{"start":{"line":400,"column":4},"end":{"line":402,"column":null}},{"start":{},"end":{}}],"line":400},"13":{"loc":{"start":{"line":407,"column":4},"end":{"line":413,"column":null}},"type":"if","locations":[{"start":{"line":407,"column":4},"end":{"line":413,"column":null}},{"start":{},"end":{}}],"line":407},"14":{"loc":{"start":{"line":407,"column":8},"end":{"line":407,"column":37}},"type":"binary-expr","locations":[{"start":{"line":407,"column":8},"end":{"line":407,"column":24}},{"start":{"line":407,"column":24},"end":{"line":407,"column":37}}],"line":407},"15":{"loc":{"start":{"line":420,"column":4},"end":{"line":422,"column":null}},"type":"if","locations":[{"start":{"line":420,"column":4},"end":{"line":422,"column":null}},{"start":{},"end":{}}],"line":420},"16":{"loc":{"start":{"line":423,"column":4},"end":{"line":425,"column":null}},"type":"if","locations":[{"start":{"line":423,"column":4},"end":{"line":425,"column":null}},{"start":{},"end":{}}],"line":423},"17":{"loc":{"start":{"line":426,"column":4},"end":{"line":428,"column":null}},"type":"if","locations":[{"start":{"line":426,"column":4},"end":{"line":428,"column":null}},{"start":{},"end":{}}],"line":426},"18":{"loc":{"start":{"line":429,"column":4},"end":{"line":431,"column":null}},"type":"if","locations":[{"start":{"line":429,"column":4},"end":{"line":431,"column":null}},{"start":{},"end":{}}],"line":429},"19":{"loc":{"start":{"line":432,"column":4},"end":{"line":434,"column":null}},"type":"if","locations":[{"start":{"line":432,"column":4},"end":{"line":434,"column":null}},{"start":{},"end":{}}],"line":432},"20":{"loc":{"start":{"line":456,"column":2},"end":{"line":458,"column":null}},"type":"if","locations":[{"start":{"line":456,"column":2},"end":{"line":458,"column":null}},{"start":{},"end":{}}],"line":456}},"s":{"0":43,"1":43,"2":43,"3":43,"4":43,"5":43,"6":43,"7":43,"8":43,"9":43,"10":43,"11":7,"12":7,"13":7,"14":7,"15":7,"16":7,"17":0,"18":0,"19":0,"20":0,"21":0,"22":0,"23":0,"24":0,"25":0,"26":0,"27":0,"28":0,"29":0,"30":0,"31":0,"32":0,"33":0,"34":0,"35":0,"36":0,"37":0,"38":0,"39":0,"40":0,"41":0,"42":0,"43":0,"44":0,"45":0,"46":0,"47":0,"48":0,"49":0,"50":2,"51":2,"52":0,"53":0,"54":0,"55":0,"56":0,"57":0,"58":0,"59":0,"60":0,"61":0,"62":0,"63":0,"64":0,"65":0,"66":0,"67":0,"68":0,"69":0,"70":0,"71":0,"72":0,"73":0,"74":0,"75":0,"76":0,"77":0,"78":0,"79":0,"80":0,"81":0,"82":0,"83":0,"84":0,"85":0,"86":0,"87":0,"88":0,"89":0,"90":0,"91":0,"92":0,"93":0,"94":0,"95":0,"96":0,"97":0,"98":0,"99":0,"100":0,"101":0,"102":0,"103":0,"104":0,"105":0,"106":0,"107":0,"108":2,"109":1,"110":1,"111":1,"112":1,"113":0,"114":2,"115":0,"116":2,"117":0,"118":2,"119":0,"120":2,"121":0,"122":2,"123":0,"124":1,"125":2,"126":4,"127":2,"128":4},"f":{"0":7,"1":0,"2":0,"3":2,"4":0,"5":0,"6":0,"7":0,"8":0,"9":0,"10":2,"11":2,"12":1,"13":4},"b":{"0":[7,0],"1":[0,0],"2":[0,0],"3":[0,0],"4":[0,0],"5":[2,0],"6":[2,0,0,0],"7":[0,0],"8":[0,0],"9":[0,0],"10":[0,0],"11":[0,0],"12":[1,1],"13":[0,1],"14":[1,0],"15":[0,2],"16":[0,2],"17":[0,2],"18":[0,2],"19":[0,2],"20":[2,2]},"meta":{"lastBranch":21,"lastFunction":14,"lastStatement":129,"seen":{"s:24:37:24:Infinity":0,"s:25:45:25:Infinity":1,"s:26:45:26:Infinity":2,"s:29:47:29:Infinity":3,"s:30:44:30:Infinity":4,"s:31:41:31:Infinity":5,"s:32:43:32:Infinity":6,"s:35:21:35:Infinity":7,"s:36:22:36:Infinity":8,"s:39:23:39:Infinity":9,"s:40:39:40:Infinity":10,"f:45:8:45:13":0,"s:46:4:46:Infinity":11,"s:48:4:97:Infinity":12,"b:50:6:54:Infinity:undefined:undefined:undefined:undefined":0,"s:50:6:54:Infinity":13,"s:51:8:51:Infinity":14,"s:52:8:52:Infinity":15,"s:53:8:53:Infinity":16,"s:57:22:57:Infinity":17,"b:58:6:62:Infinity:undefined:undefined:undefined:undefined":1,"s:58:6:62:Infinity":18,"s:59:8:59:Infinity":19,"s:60:8:60:Infinity":20,"s:61:8:61:Infinity":21,"s:65:6:65:Infinity":22,"s:68:6:68:Infinity":23,"b:69:6:73:Infinity:undefined:undefined:undefined:undefined":2,"s:69:6:73:Infinity":24,"s:70:8:70:Infinity":25,"s:71:8:71:Infinity":26,"s:72:8:72:Infinity":27,"s:76:27:76:Infinity":28,"s:77:6:81:Infinity":29,"s:84:6:84:Infinity":30,"s:87:6:87:Infinity":31,"s:89:6:89:Infinity":32,"s:90:6:90:Infinity":33,"s:93:6:93:Infinity":34,"s:94:6:94:Infinity":35,"s:95:6:95:Infinity":36,"s:96:6:96:Infinity":37,"f:103:16:103:31":1,"b:104:4:106:Infinity:undefined:undefined:undefined:undefined":3,"s:104:4:106:Infinity":38,"s:105:6:105:Infinity":39,"s:109:29:109:Infinity":40,"s:130:31:130:Infinity":41,"s:138:25:138:Infinity":42,"s:139:27:139:Infinity":43,"s:142:4:176:Infinity":44,"f:182:10:182:32":2,"b:183:4:185:Infinity:undefined:undefined:undefined:undefined":4,"s:183:4:185:Infinity":45,"s:184:6:184:Infinity":46,"s:188:4:191:Infinity":47,"s:196:29:196:Infinity":48,"s:197:4:200:Infinity":49,"f:206:2:206:9":3,"b:207:4:209:Infinity:undefined:undefined:undefined:undefined":5,"s:207:4:209:Infinity":50,"b:207:8:207:24:207:24:207:41:207:41:207:59:207:59:207:73":6,"s:208:6:208:Infinity":51,"s:211:4:211:Infinity":52,"s:214:4:214:Infinity":53,"s:217:21:217:Infinity":54,"s:220:4:220:Infinity":55,"s:223:27:223:Infinity":56,"s:226:58:235:Infinity":57,"s:237:24:237:Infinity":58,"s:240:4:240:Infinity":59,"s:243:4:243:Infinity":60,"s:246:24:246:Infinity":61,"s:247:4:247:Infinity":62,"s:250:4:250:Infinity":63,"s:253:4:253:Infinity":64,"f:259:10:259:30":4,"b:260:4:262:Infinity:undefined:undefined:undefined:undefined":7,"s:260:4:262:Infinity":65,"b:260:8:260:24:260:24:260:45":8,"s:261:6:261:Infinity":66,"s:264:24:273:Infinity":67,"s:275:4:275:Infinity":68,"f:282:10:282:27":5,"s:283:21:283:Infinity":69,"s:284:22:284:Infinity":70,"s:286:85:286:Infinity":71,"s:287:25:287:Infinity":72,"s:288:23:288:Infinity":73,"s:289:23:289:Infinity":74,"s:291:23:291:Infinity":75,"s:294:24:303:Infinity":76,"s:305:4:334:Infinity":77,"s:305:17:305:20":78,"s:306:19:306:Infinity":79,"b:309:6:311:Infinity:undefined:undefined:undefined:undefined":9,"s:309:6:311:Infinity":80,"b:309:10:309:59:309:59:309:86":10,"s:310:8:310:Infinity":81,"s:314:20:314:Infinity":82,"s:315:20:315:Infinity":83,"s:316:25:316:Infinity":84,"s:317:24:317:Infinity":85,"s:320:20:322:Infinity":86,"b:321:10:321:Infinity:322:10:322:Infinity":11,"s:326:6:326:Infinity":87,"s:327:6:327:Infinity":88,"s:328:6:328:Infinity":89,"s:331:6:331:Infinity":90,"s:332:6:332:Infinity":91,"s:333:6:333:Infinity":92,"s:336:4:336:Infinity":93,"f:342:10:342:Infinity":6,"s:352:19:352:Infinity":94,"s:353:4:353:Infinity":95,"s:354:4:354:Infinity":96,"s:355:4:355:Infinity":97,"s:356:4:356:Infinity":98,"s:357:4:357:Infinity":99,"s:358:4:358:Infinity":100,"f:364:10:364:18":7,"s:366:10:366:Infinity":101,"s:367:4:367:Infinity":102,"f:373:10:373:Infinity":8,"s:379:21:379:Infinity":103,"s:380:24:380:Infinity":104,"s:381:4:381:Infinity":105,"f:387:10:387:Infinity":9,"s:392:29:392:Infinity":106,"s:393:4:393:Infinity":107,"f:399:2:399:9":10,"b:400:4:402:Infinity:undefined:undefined:undefined:undefined":12,"s:400:4:402:Infinity":108,"s:401:6:401:Infinity":109,"s:404:4:404:Infinity":110,"s:405:4:405:Infinity":111,"b:407:4:413:Infinity:undefined:undefined:undefined:undefined":13,"s:407:4:413:Infinity":112,"b:407:8:407:24:407:24:407:37":14,"s:408:6:412:Infinity":113,"f:419:2:419:18":11,"b:420:4:422:Infinity:undefined:undefined:undefined:undefined":15,"s:420:4:422:Infinity":114,"s:421:6:421:Infinity":115,"b:423:4:425:Infinity:undefined:undefined:undefined:undefined":16,"s:423:4:425:Infinity":116,"s:424:6:424:Infinity":117,"b:426:4:428:Infinity:undefined:undefined:undefined:undefined":17,"s:426:4:428:Infinity":118,"s:427:6:427:Infinity":119,"b:429:4:431:Infinity:undefined:undefined:undefined:undefined":18,"s:429:4:431:Infinity":120,"s:430:6:430:Infinity":121,"b:432:4:434:Infinity:undefined:undefined:undefined:undefined":19,"s:432:4:434:Infinity":122,"s:433:6:433:Infinity":123,"f:440:2:440:13":12,"s:441:4:446:Infinity":124,"s:453:38:453:Infinity":125,"f:455:16:455:52":13,"b:456:2:458:Infinity:undefined:undefined:undefined:undefined":20,"s:456:2:458:Infinity":126,"s:457:4:457:Infinity":127,"s:459:2:459:Infinity":128},"fnNames":{}}}
}
